<?xml version="1.0" encoding="UTF-8"?>
<robot generator="Robot 3.2.1 (Python 3.9.5 on linux)" generated="20210610 17:36:14.247" rpa="false">
<suite id="s1" name="Testcases" source="/home/chitq/WorkingSpace/SelfTask/CentralTask/testcases">
<suite id="s1-s1" name="Search And Add Product" source="/home/chitq/WorkingSpace/SelfTask/CentralTask/testcases/search_and_add_product.robot">
<test id="s1-s1-t1" name="User check search product and add it to cart">
<kw name="Search products with name and property" library="searching_page">
<arguments>
<arg>${search_field}</arg>
<arg>${size}</arg>
</arguments>
<kw name="Search desired product by name" library="common_keywords">
<arguments>
<arg>${name}</arg>
</arguments>
<kw name="Open browser to home page" library="common_keywords">
<kw name="Open browser to page" library="common_keywords">
<arguments>
<arg>${pb_url}/${language}</arg>
</arguments>
<kw name="Evaluate" library="BuiltIn">
<doc>Evaluates the given expression in Python and returns the result.</doc>
<arguments>
<arg>sys.modules['selenium.webdriver'].ChromeOptions()</arg>
<arg>sys</arg>
</arguments>
<assign>
<var>${options}</var>
</assign>
<msg timestamp="20210610 17:36:14.511" level="INFO">${options} = &lt;selenium.webdriver.chrome.options.Options object at 0x7f85586153a0&gt;</msg>
<status status="PASS" starttime="20210610 17:36:14.511" endtime="20210610 17:36:14.511"></status>
</kw>
<kw name="Call Method" library="BuiltIn">
<doc>Calls the named method of the given object with the provided arguments.</doc>
<arguments>
<arg>${options}</arg>
<arg>add_argument</arg>
<arg>--disable-infobars</arg>
</arguments>
<status status="PASS" starttime="20210610 17:36:14.511" endtime="20210610 17:36:14.511"></status>
</kw>
<kw name="Create Webdriver" library="SeleniumLibrary">
<doc>Creates an instance of Selenium WebDriver.</doc>
<arguments>
<arg>Chrome</arg>
<arg>chrome_options=${options}</arg>
</arguments>
<msg timestamp="20210610 17:36:14.512" level="INFO">Creating an instance of the Chrome WebDriver.</msg>
<status status="PASS" starttime="20210610 17:36:14.512" endtime="20210610 17:36:15.771"></status>
</kw>
<kw name="Maximize Browser Window" library="SeleniumLibrary">
<doc>Maximizes current browser window.</doc>
<status status="PASS" starttime="20210610 17:36:15.771" endtime="20210610 17:36:15.880"></status>
</kw>
<kw name="Set Selenium Speed" library="SeleniumLibrary">
<doc>Sets the delay that is waited after each Selenium command.</doc>
<arguments>
<arg>${speed}</arg>
</arguments>
<status status="PASS" starttime="20210610 17:36:15.881" endtime="20210610 17:36:15.882"></status>
</kw>
<kw name="Go To" library="SeleniumLibrary">
<doc>Navigates the current browser window to the provided ``url``.</doc>
<arguments>
<arg>${url}</arg>
</arguments>
<msg timestamp="20210610 17:36:15.882" level="INFO">Opening url 'https://www.powerbuy.co.th/en'</msg>
<status status="PASS" starttime="20210610 17:36:15.882" endtime="20210610 17:36:38.719"></status>
</kw>
<status status="PASS" starttime="20210610 17:36:14.511" endtime="20210610 17:36:38.719"></status>
</kw>
<status status="PASS" starttime="20210610 17:36:14.510" endtime="20210610 17:36:38.719"></status>
</kw>
<kw name="Input Text" library="SeleniumLibrary">
<doc>Types the given ``text`` into the text field identified by ``locator``.</doc>
<arguments>
<arg>${dictCommonPage.search_input_box}</arg>
<arg>${name}</arg>
</arguments>
<msg timestamp="20210610 17:36:38.720" level="INFO">Typing text 'TV' into text field 'xpath=//header/div[2]/div[1]/div[1]/div[1]/div[1]/input[1]'.</msg>
<status status="PASS" starttime="20210610 17:36:38.719" endtime="20210610 17:36:41.402"></status>
</kw>
<kw name="Click Button" library="SeleniumLibrary">
<doc>Clicks the button identified by ``locator``.</doc>
<arguments>
<arg>${dictCommonPage.search_button}</arg>
</arguments>
<msg timestamp="20210610 17:36:41.402" level="INFO">Clicking button 'xpath=//header/div[2]/div[1]/div[1]/div[1]/div[1]/button[1]'.</msg>
<status status="PASS" starttime="20210610 17:36:41.402" endtime="20210610 17:36:42.430"></status>
</kw>
<kw name="Verify Web Element Is Visible" library="common_keywords">
<arguments>
<arg>${dictCommonPage.search_result_text}</arg>
</arguments>
<kw name="Wait Until Page Contains Element" library="SeleniumLibrary">
<doc>Waits until the element ``locator`` appears on the current page.</doc>
<arguments>
<arg>${locator}</arg>
<arg>timeout=${GLOBALTIMEOUT}</arg>
</arguments>
<status status="PASS" starttime="20210610 17:36:42.431" endtime="20210610 17:36:45.043"></status>
</kw>
<kw name="Wait Until Element Is Visible" library="SeleniumLibrary">
<doc>Waits until the element ``locator`` is visible.</doc>
<arguments>
<arg>${locator}</arg>
<arg>timeout=${GLOBALTIMEOUT}</arg>
</arguments>
<status status="PASS" starttime="20210610 17:36:45.044" endtime="20210610 17:36:45.273"></status>
</kw>
<status status="PASS" starttime="20210610 17:36:42.430" endtime="20210610 17:36:45.274"></status>
</kw>
<status status="PASS" starttime="20210610 17:36:14.510" endtime="20210610 17:36:45.274"></status>
</kw>
<kw name="Select filter follow option" library="searching_page">
<arguments>
<arg>${property}</arg>
</arguments>
<kw name="Format String" library="String">
<doc>Formats a ``template`` using the given ``positional`` and ``named`` arguments.</doc>
<arguments>
<arg>${dictSearchingPage.screen_size_opt}</arg>
<arg>titile_name=${screen_size_title}</arg>
</arguments>
<assign>
<var>${screen_size_filter}</var>
</assign>
<msg timestamp="20210610 17:36:45.276" level="INFO">${screen_size_filter} = css=div[title='Screen Size Group (inches)']</msg>
<status status="PASS" starttime="20210610 17:36:45.275" endtime="20210610 17:36:45.276"></status>
</kw>
<kw name="Scroll Down And Wait To Get Available Element" library="common_keywords">
<arguments>
<arg>${screen_size_filter}</arg>
</arguments>
<kw name="Set Variable" library="BuiltIn">
<doc>Returns the given values which can then be assigned to a variables.</doc>
<arguments>
<arg>${10}</arg>
</arguments>
<assign>
<var>${section}</var>
</assign>
<msg timestamp="20210610 17:36:45.277" level="INFO">${section} = 10</msg>
<status status="PASS" starttime="20210610 17:36:45.277" endtime="20210610 17:36:45.277"></status>
</kw>
<kw name="Get Element Size" library="SeleniumLibrary">
<doc>Returns width and height of the element identified by ``locator``.</doc>
<arguments>
<arg>${dictCommonPage.entire_page}</arg>
</arguments>
<assign>
<var>${page_height}</var>
</assign>
<msg timestamp="20210610 17:36:45.631" level="INFO">${page_height} = (1905, 1515)</msg>
<status status="PASS" starttime="20210610 17:36:45.278" endtime="20210610 17:36:45.631"></status>
</kw>
<kw name="Set Variable" library="BuiltIn">
<doc>Returns the given values which can then be assigned to a variables.</doc>
<arguments>
<arg>${page_height}[1]</arg>
</arguments>
<assign>
<var>${page_height}</var>
</assign>
<msg timestamp="20210610 17:36:45.631" level="INFO">${page_height} = 1515</msg>
<status status="PASS" starttime="20210610 17:36:45.631" endtime="20210610 17:36:45.631"></status>
</kw>
<kw name="Evaluate" library="BuiltIn">
<doc>Evaluates the given expression in Python and returns the result.</doc>
<arguments>
<arg>'${page_height}/${section}'</arg>
</arguments>
<assign>
<var>${scroll_length}</var>
</assign>
<msg timestamp="20210610 17:36:45.632" level="INFO">${scroll_length} = 1515/10</msg>
<status status="PASS" starttime="20210610 17:36:45.632" endtime="20210610 17:36:45.632"></status>
</kw>
<kw name="${index} IN RANGE [ ${section} ]" type="for">
<kw name="${index} = 0" type="foritem">
<kw name="Execute Javascript" library="SeleniumLibrary">
<doc>Executes the given JavaScript code with possible arguments.</doc>
<arguments>
<arg>window.scrollTo(0,${${page_height}-${${scroll_length}*${index}}})</arg>
</arguments>
<msg timestamp="20210610 17:36:45.633" level="INFO">Executing JavaScript:
window.scrollTo(0,1515.0)
Without any arguments.</msg>
<status status="PASS" starttime="20210610 17:36:45.632" endtime="20210610 17:36:46.095"></status>
</kw>
<kw name="Run Keyword And Return Status" library="BuiltIn">
<doc>Runs the given keyword with given arguments and returns the status as a Boolean value.</doc>
<arguments>
<arg>SeleniumLibrary.Wait Until Element Is Visible</arg>
<arg>${locator}</arg>
<arg>timeout=10</arg>
</arguments>
<assign>
<var>${status}</var>
</assign>
<kw name="Wait Until Element Is Visible" library="SeleniumLibrary">
<doc>Waits until the element ``locator`` is visible.</doc>
<arguments>
<arg>${locator}</arg>
<arg>timeout=10</arg>
</arguments>
<status status="PASS" starttime="20210610 17:36:46.096" endtime="20210610 17:36:47.315"></status>
</kw>
<msg timestamp="20210610 17:36:47.316" level="INFO">${status} = True</msg>
<status status="PASS" starttime="20210610 17:36:46.096" endtime="20210610 17:36:47.316"></status>
</kw>
<kw name="Return From Keyword If" library="BuiltIn">
<doc>Returns from the enclosing user keyword if ``condition`` is true.</doc>
<arguments>
<arg>'${status}' == '${true}'</arg>
</arguments>
<msg timestamp="20210610 17:36:47.317" level="INFO">Returning from the enclosing user keyword.</msg>
<status status="PASS" starttime="20210610 17:36:47.316" endtime="20210610 17:36:47.317"></status>
</kw>
<status status="PASS" starttime="20210610 17:36:45.632" endtime="20210610 17:36:47.317"></status>
</kw>
<status status="PASS" starttime="20210610 17:36:45.632" endtime="20210610 17:36:47.317"></status>
</kw>
<status status="PASS" starttime="20210610 17:36:45.276" endtime="20210610 17:36:47.317"></status>
</kw>
<kw name="Sleep" library="BuiltIn">
<doc>Pauses the test executed for the given time.</doc>
<arguments>
<arg>15S</arg>
</arguments>
<msg timestamp="20210610 17:37:02.318" level="INFO">Slept 15 seconds</msg>
<status status="PASS" starttime="20210610 17:36:47.317" endtime="20210610 17:37:02.319"></status>
</kw>
<kw name="Format String" library="String">
<doc>Formats a ``template`` using the given ``positional`` and ``named`` arguments.</doc>
<arguments>
<arg>${dictSearchingPage.opt_size_option}</arg>
<arg>size_inch=${option}</arg>
</arguments>
<assign>
<var>${opt_locator}</var>
</assign>
<msg timestamp="20210610 17:37:02.320" level="INFO">${opt_locator} = //div[contains(@class,'Padding') and text() = '44 - 55 inches' ]//parent::div[contains(@class,'Col__Column')]//parent::div[contains(@class,'Row__Wrapper')]/div[1]/div[contains(@class,'Checkbox')]</msg>
<status status="PASS" starttime="20210610 17:37:02.319" endtime="20210610 17:37:02.320"></status>
</kw>
<kw name="Select Checkbox Element" library="common_keywords">
<arguments>
<arg>${opt_locator}</arg>
</arguments>
<kw name="Wait Until Element Is Visible" library="SeleniumLibrary">
<doc>Waits until the element ``locator`` is visible.</doc>
<arguments>
<arg>${locator}</arg>
<arg>timeout=${timeout}</arg>
</arguments>
<status status="PASS" starttime="20210610 17:37:02.321" endtime="20210610 17:37:02.564"></status>
</kw>
<kw name="Select Checkbox" library="SeleniumLibrary">
<doc>Selects the checkbox identified by ``locator``.</doc>
<arguments>
<arg>${locator}</arg>
</arguments>
<msg timestamp="20210610 17:37:02.565" level="INFO">Selecting checkbox '//div[contains(@class,'Padding') and text() = '44 - 55 inches' ]//parent::div[contains(@class,'Col__Column')]//parent::div[contains(@class,'Row__Wrapper')]/div[1]/div[contains(@class,'Checkbox')]'.</msg>
<kw name="Capture Page Screenshot" library="SeleniumLibrary">
<doc>Takes a screenshot of the current page and embeds it into a log file.</doc>
<msg timestamp="20210610 17:37:03.143" level="INFO" html="yes">&lt;/td&gt;&lt;/tr&gt;&lt;tr&gt;&lt;td colspan="3"&gt;&lt;a href="selenium-screenshot-8.png"&gt;&lt;img src="selenium-screenshot-8.png" width="800px"&gt;&lt;/a&gt;</msg>
<status status="PASS" starttime="20210610 17:37:02.788" endtime="20210610 17:37:03.144"></status>
</kw>
<msg timestamp="20210610 17:37:03.144" level="FAIL">Checkbox with locator '//div[contains(@class,'Padding') and text() = '44 - 55 inches' ]//parent::div[contains(@class,'Col__Column')]//parent::div[contains(@class,'Row__Wrapper')]/div[1]/div[contains(@class,'Checkbox')]' not found.</msg>
<status status="FAIL" starttime="20210610 17:37:02.564" endtime="20210610 17:37:03.145"></status>
</kw>
<status status="FAIL" starttime="20210610 17:37:02.320" endtime="20210610 17:37:03.145"></status>
</kw>
<status status="FAIL" starttime="20210610 17:36:45.274" endtime="20210610 17:37:03.145"></status>
</kw>
<status status="FAIL" starttime="20210610 17:36:14.510" endtime="20210610 17:37:03.145"></status>
</kw>
<tags>
<tag>search TV</tag>
<tag>web</tag>
</tags>
<status status="FAIL" starttime="20210610 17:36:14.509" endtime="20210610 17:37:03.145" critical="yes">Checkbox with locator '//div[contains(@class,'Padding') and text() = '44 - 55 inches' ]//parent::div[contains(@class,'Col__Column')]//parent::div[contains(@class,'Row__Wrapper')]/div[1]/div[contains(@class,'Checkbox')]' not found.</status>
</test>
<status status="FAIL" starttime="20210610 17:36:14.262" endtime="20210610 17:37:03.146"></status>
</suite>
<status status="FAIL" starttime="20210610 17:36:14.248" endtime="20210610 17:37:03.148"></status>
</suite>
<statistics>
<total>
<stat pass="0" fail="1">Critical Tests</stat>
<stat pass="0" fail="1">All Tests</stat>
</total>
<tag>
<stat pass="0" fail="1">search TV</stat>
<stat pass="0" fail="1">web</stat>
</tag>
<suite>
<stat pass="0" fail="1" id="s1" name="Testcases">Testcases</stat>
<stat pass="0" fail="1" id="s1-s1" name="Search And Add Product">Testcases.Search And Add Product</stat>
</suite>
</statistics>
<errors>
</errors>
</robot>
