<?xml version="1.0" encoding="UTF-8"?>
<robot generator="Robot 3.2.1 (Python 3.9.5 on linux)" generated="20210611 01:00:58.558" rpa="false">
<suite id="s1" name="Testcases" source="/home/chitq/WorkingSpace/RobotPractice/testcases">
<suite id="s1-s1" name="Search And Add Product" source="/home/chitq/WorkingSpace/RobotPractice/testcases/search_and_add_product.robot">
<test id="s1-s1-t1" name="User check search product and add it to cart">
<kw name="Search products with name and specificcation" library="searching_page">
<arguments>
<arg>${search_field}</arg>
<arg>${size}</arg>
</arguments>
<kw name="Search desired product by name" library="common_keywords">
<arguments>
<arg>${name}</arg>
</arguments>
<kw name="Open browser to home page" library="common_keywords">
<kw name="Open browser to page" library="common_keywords">
<arguments>
<arg>${pb_url}/${language}</arg>
</arguments>
<kw name="Evaluate" library="BuiltIn">
<doc>Evaluates the given expression in Python and returns the result.</doc>
<arguments>
<arg>sys.modules['selenium.webdriver'].ChromeOptions()</arg>
<arg>sys</arg>
</arguments>
<assign>
<var>${options}</var>
</assign>
<msg timestamp="20210611 01:00:59.037" level="INFO">${options} = &lt;selenium.webdriver.chrome.options.Options object at 0x7f3279838fd0&gt;</msg>
<status status="PASS" starttime="20210611 01:00:59.037" endtime="20210611 01:00:59.037"></status>
</kw>
<kw name="Create Dictionary" library="BuiltIn">
<doc>Creates and returns a dictionary based on the given ``items``.</doc>
<arguments>
<arg>"fasp"=True</arg>
</arguments>
<assign>
<var>${exclude}</var>
</assign>
<msg timestamp="20210611 01:00:59.038" level="INFO">${exclude} = {'"fasp"': 'True'}</msg>
<status status="PASS" starttime="20210611 01:00:59.037" endtime="20210611 01:00:59.038"></status>
</kw>
<kw name="Create Dictionary" library="BuiltIn">
<doc>Creates and returns a dictionary based on the given ``items``.</doc>
<arguments>
<arg>protocol_handler.excluded_schemes=${exclude}</arg>
</arguments>
<assign>
<var>${prefs}</var>
</assign>
<msg timestamp="20210611 01:00:59.039" level="INFO">${prefs} = {'protocol_handler.excluded_schemes': {'"fasp"': 'True'}}</msg>
<status status="PASS" starttime="20210611 01:00:59.038" endtime="20210611 01:00:59.039"></status>
</kw>
<kw name="Call Method" library="BuiltIn">
<doc>Calls the named method of the given object with the provided arguments.</doc>
<arguments>
<arg>${options}</arg>
<arg>add_argument</arg>
<arg>--disable-infobars</arg>
</arguments>
<status status="PASS" starttime="20210611 01:00:59.039" endtime="20210611 01:00:59.039"></status>
</kw>
<kw name="Call Method" library="BuiltIn">
<doc>Calls the named method of the given object with the provided arguments.</doc>
<arguments>
<arg>${options}</arg>
<arg>add_experimental_option</arg>
<arg>prefs</arg>
<arg>${prefs}</arg>
</arguments>
<status status="PASS" starttime="20210611 01:00:59.039" endtime="20210611 01:00:59.040"></status>
</kw>
<kw name="Create Webdriver" library="SeleniumLibrary">
<doc>Creates an instance of Selenium WebDriver.</doc>
<arguments>
<arg>Chrome</arg>
<arg>chrome_options=${options}</arg>
</arguments>
<msg timestamp="20210611 01:00:59.040" level="INFO">Creating an instance of the Chrome WebDriver.</msg>
<status status="PASS" starttime="20210611 01:00:59.040" endtime="20210611 01:01:00.853"></status>
</kw>
<kw name="Maximize Browser Window" library="SeleniumLibrary">
<doc>Maximizes current browser window.</doc>
<status status="PASS" starttime="20210611 01:01:00.854" endtime="20210611 01:01:01.006"></status>
</kw>
<kw name="Set Selenium Speed" library="SeleniumLibrary">
<doc>Sets the delay that is waited after each Selenium command.</doc>
<arguments>
<arg>${speed}</arg>
</arguments>
<status status="PASS" starttime="20210611 01:01:01.006" endtime="20210611 01:01:01.007"></status>
</kw>
<kw name="Go To" library="SeleniumLibrary">
<doc>Navigates the current browser window to the provided ``url``.</doc>
<arguments>
<arg>${url}</arg>
</arguments>
<msg timestamp="20210611 01:01:01.008" level="INFO">Opening url 'https://www.powerbuy.co.th/th'</msg>
<status status="PASS" starttime="20210611 01:01:01.007" endtime="20210611 01:01:10.657"></status>
</kw>
<status status="PASS" starttime="20210611 01:00:59.036" endtime="20210611 01:01:10.659"></status>
</kw>
<status status="PASS" starttime="20210611 01:00:59.035" endtime="20210611 01:01:10.659"></status>
</kw>
<kw name="Input Text" library="SeleniumLibrary">
<doc>Types the given ``text`` into the text field identified by ``locator``.</doc>
<arguments>
<arg>${dictCommonPage.search_input_box}</arg>
<arg>${name}</arg>
</arguments>
<msg timestamp="20210611 01:01:10.660" level="INFO">Typing text 'TV' into text field 'xpath=//header/div[2]/div[1]/div[1]/div[1]/div[1]/input[1]'.</msg>
<status status="PASS" starttime="20210611 01:01:10.660" endtime="20210611 01:01:12.237"></status>
</kw>
<kw name="Click Button" library="SeleniumLibrary">
<doc>Clicks the button identified by ``locator``.</doc>
<arguments>
<arg>${dictCommonPage.search_button}</arg>
</arguments>
<msg timestamp="20210611 01:01:12.238" level="INFO">Clicking button 'xpath=//header/div[2]/div[1]/div[1]/div[1]/div[1]/button[1]'.</msg>
<status status="PASS" starttime="20210611 01:01:12.237" endtime="20210611 01:01:14.914"></status>
</kw>
<kw name="Format String" library="String">
<doc>Formats a ``template`` using the given ``positional`` and ``named`` arguments.</doc>
<arguments>
<arg>${result_text}</arg>
<arg>text=${name}</arg>
</arguments>
<assign>
<var>${expected_text}</var>
</assign>
<msg timestamp="20210611 01:01:14.915" level="INFO">${expected_text} = ผลการค้นหาสำหรับ "TV"</msg>
<status status="PASS" starttime="20210611 01:01:14.914" endtime="20210611 01:01:14.915"></status>
</kw>
<kw name="Get text and compare value" library="common_keywords">
<arguments>
<arg>${dictCommonPage.search_result_text}</arg>
<arg>${expected_text}</arg>
</arguments>
<assign>
<var>${result}</var>
</assign>
<kw name="Get Text Element" library="common_keywords">
<arguments>
<arg>${locator}</arg>
</arguments>
<assign>
<var>${text}</var>
</assign>
<kw name="Wait Until Element Is Visible" library="SeleniumLibrary">
<doc>Waits until the element ``locator`` is visible.</doc>
<arguments>
<arg>${locator}</arg>
<arg>timeout=${timeout}</arg>
</arguments>
<status status="PASS" starttime="20210611 01:01:14.919" endtime="20210611 01:01:19.371"></status>
</kw>
<kw name="Get Text" library="SeleniumLibrary">
<doc>Returns the text value of the element identified by ``locator``.</doc>
<arguments>
<arg>${locator}</arg>
</arguments>
<assign>
<var>${text}</var>
</assign>
<msg timestamp="20210611 01:01:19.717" level="INFO">${text} = ผลการค้นหาสำหรับ "TV"</msg>
<status status="PASS" starttime="20210611 01:01:19.371" endtime="20210611 01:01:19.717"></status>
</kw>
<kw name="Return From Keyword" library="BuiltIn">
<doc>Returns from the enclosing user keyword.</doc>
<arguments>
<arg>${text}</arg>
</arguments>
<msg timestamp="20210611 01:01:19.718" level="INFO">Returning from the enclosing user keyword.</msg>
<status status="PASS" starttime="20210611 01:01:19.718" endtime="20210611 01:01:19.718"></status>
</kw>
<msg timestamp="20210611 01:01:19.719" level="INFO">${text} = ผลการค้นหาสำหรับ "TV"</msg>
<status status="PASS" starttime="20210611 01:01:14.917" endtime="20210611 01:01:19.719"></status>
</kw>
<kw name="Return From Keyword If" library="BuiltIn">
<doc>Returns from the enclosing user keyword if ``condition`` is true.</doc>
<arguments>
<arg>'${text}' == '${text_value}'</arg>
<arg>${true}</arg>
</arguments>
<msg timestamp="20210611 01:01:19.720" level="INFO">Returning from the enclosing user keyword.</msg>
<status status="PASS" starttime="20210611 01:01:19.719" endtime="20210611 01:01:19.720"></status>
</kw>
<msg timestamp="20210611 01:01:19.721" level="INFO">${result} = True</msg>
<status status="PASS" starttime="20210611 01:01:14.916" endtime="20210611 01:01:19.721"></status>
</kw>
<kw name="Run Keyword If" library="BuiltIn">
<doc>Runs the given keyword with the given arguments, if ``condition`` is true.</doc>
<arguments>
<arg>${result} == ${true}</arg>
<arg>BuiltIn.Log</arg>
<arg>Success to search products by text name</arg>
<arg>ELSE</arg>
<arg>BuiltIn.Fail</arg>
<arg>Fail to search products by text name</arg>
</arguments>
<kw name="Log" library="BuiltIn">
<doc>Logs the given message with the given level.</doc>
<arguments>
<arg>Success to search products by text name</arg>
</arguments>
<msg timestamp="20210611 01:01:19.729" level="INFO">Success to search products by text name</msg>
<status status="PASS" starttime="20210611 01:01:19.729" endtime="20210611 01:01:19.729"></status>
</kw>
<status status="PASS" starttime="20210611 01:01:19.721" endtime="20210611 01:01:19.730"></status>
</kw>
<status status="PASS" starttime="20210611 01:00:59.035" endtime="20210611 01:01:19.730"></status>
</kw>
<kw name="Select filter follow option" library="searching_page">
<arguments>
<arg>${specificcation}</arg>
</arguments>
<kw name="Format String" library="String">
<doc>Formats a ``template`` using the given ``positional`` and ``named`` arguments.</doc>
<arguments>
<arg>${dictSearchingPage.screen_size_opt}</arg>
<arg>titile_name=${screen_size_title}</arg>
</arguments>
<assign>
<var>${screen_size_filter}</var>
</assign>
<msg timestamp="20210611 01:01:19.733" level="INFO">${screen_size_filter} = css=div[title='ช่วงขนาดหน้าจอ (นิ้ว)']</msg>
<status status="PASS" starttime="20210611 01:01:19.731" endtime="20210611 01:01:19.733"></status>
</kw>
<kw name="Format String" library="String">
<doc>Formats a ``template`` using the given ``positional`` and ``named`` arguments.</doc>
<arguments>
<arg>${dictSearchingPage.opt_size_option}</arg>
<arg>size_inch=${size}</arg>
</arguments>
<assign>
<var>${opt_locator}</var>
</assign>
<msg timestamp="20210611 01:01:19.735" level="INFO">${opt_locator} = //div[contains(@class,'Padding') and text() = '44 - 55 นิ้ว' ]//parent::div[contains(@class,'Col__Column')]//parent::div[contains(@class,'Row__Wrapper')]/div[1]/div[contains(@class,'Checkbox')]</msg>
<status status="PASS" starttime="20210611 01:01:19.734" endtime="20210611 01:01:19.735"></status>
</kw>
<kw name="Scroll To Element" library="common_keywords">
<arguments>
<arg>${screen_size_filter}</arg>
</arguments>
<kw name="Scroll Element Into View" library="SeleniumLibrary">
<doc>Scrolls the element identified by ``locator`` into view.</doc>
<arguments>
<arg>${locator}</arg>
</arguments>
<status status="PASS" starttime="20210611 01:01:19.744" endtime="20210611 01:01:20.488"></status>
</kw>
<status status="PASS" starttime="20210611 01:01:19.741" endtime="20210611 01:01:20.488"></status>
</kw>
<kw name="Verify number of available product" library="searching_page">
<arguments>
<arg>${size}</arg>
</arguments>
<assign>
<var>${result}</var>
</assign>
<kw name="Format String" library="String">
<doc>Formats a ``template`` using the given ``positional`` and ``named`` arguments.</doc>
<arguments>
<arg>${dictSearchingPage.opt_number_product}</arg>
<arg>size_inch=${size}</arg>
</arguments>
<assign>
<var>${locator}</var>
</assign>
<msg timestamp="20210611 01:01:20.490" level="INFO">${locator} = //div[contains(@class,'Padding') and text() = '44 - 55 นิ้ว' ]/div/span</msg>
<status status="PASS" starttime="20210611 01:01:20.489" endtime="20210611 01:01:20.490"></status>
</kw>
<kw name="Get Text Element" library="common_keywords">
<arguments>
<arg>${locator}</arg>
</arguments>
<assign>
<var>${text_value}</var>
</assign>
<kw name="Wait Until Element Is Visible" library="SeleniumLibrary">
<doc>Waits until the element ``locator`` is visible.</doc>
<arguments>
<arg>${locator}</arg>
<arg>timeout=${timeout}</arg>
</arguments>
<status status="PASS" starttime="20210611 01:01:20.491" endtime="20210611 01:01:21.264"></status>
</kw>
<kw name="Get Text" library="SeleniumLibrary">
<doc>Returns the text value of the element identified by ``locator``.</doc>
<arguments>
<arg>${locator}</arg>
</arguments>
<assign>
<var>${text}</var>
</assign>
<msg timestamp="20210611 01:01:21.761" level="INFO">${text} = (109)</msg>
<status status="PASS" starttime="20210611 01:01:21.264" endtime="20210611 01:01:21.761"></status>
</kw>
<kw name="Return From Keyword" library="BuiltIn">
<doc>Returns from the enclosing user keyword.</doc>
<arguments>
<arg>${text}</arg>
</arguments>
<msg timestamp="20210611 01:01:21.762" level="INFO">Returning from the enclosing user keyword.</msg>
<status status="PASS" starttime="20210611 01:01:21.761" endtime="20210611 01:01:21.762"></status>
</kw>
<msg timestamp="20210611 01:01:21.762" level="INFO">${text_value} = (109)</msg>
<status status="PASS" starttime="20210611 01:01:20.490" endtime="20210611 01:01:21.762"></status>
</kw>
<kw name="Remove String" library="String">
<doc>Removes all ``removables`` from the given ``string``.</doc>
<arguments>
<arg>${text_value}</arg>
<arg>(</arg>
<arg>)</arg>
</arguments>
<assign>
<var>${text_value}</var>
</assign>
<msg timestamp="20210611 01:01:21.763" level="INFO">${text_value} = 109</msg>
<status status="PASS" starttime="20210611 01:01:21.763" endtime="20210611 01:01:21.763"></status>
</kw>
<kw name="Convert To Number" library="BuiltIn">
<doc>Converts the given item to a floating point number.</doc>
<arguments>
<arg>${text_value}</arg>
</arguments>
<assign>
<var>${number_value}</var>
</assign>
<msg timestamp="20210611 01:01:21.764" level="INFO">${number_value} = 109.0</msg>
<status status="PASS" starttime="20210611 01:01:21.764" endtime="20210611 01:01:21.764"></status>
</kw>
<kw name="Return From Keyword If" library="BuiltIn">
<doc>Returns from the enclosing user keyword if ``condition`` is true.</doc>
<arguments>
<arg>${number_value} &gt; 0</arg>
<arg>${true}</arg>
</arguments>
<msg timestamp="20210611 01:01:21.765" level="INFO">Returning from the enclosing user keyword.</msg>
<status status="PASS" starttime="20210611 01:01:21.765" endtime="20210611 01:01:21.765"></status>
</kw>
<msg timestamp="20210611 01:01:21.766" level="INFO">${result} = True</msg>
<status status="PASS" starttime="20210611 01:01:20.488" endtime="20210611 01:01:21.766"></status>
</kw>
<kw name="Run Keyword If" library="BuiltIn">
<doc>Runs the given keyword with the given arguments, if ``condition`` is true.</doc>
<arguments>
<arg>${result}==${true}</arg>
<arg>common_keywords.Click Element</arg>
<arg>${opt_locator}</arg>
<arg>ELSE</arg>
<arg>BuiltIn.Fail</arg>
<arg>Products as filted not available!</arg>
</arguments>
<kw name="Click Element" library="common_keywords">
<arguments>
<arg>${opt_locator}</arg>
</arguments>
<kw name="Wait Until Element Is Visible" library="SeleniumLibrary">
<doc>Waits until the element ``locator`` is visible.</doc>
<arguments>
<arg>${locator}</arg>
<arg>timeout=${timeout}</arg>
</arguments>
<status status="PASS" starttime="20210611 01:01:21.769" endtime="20210611 01:01:22.091"></status>
</kw>
<kw name="Click Element" library="SeleniumLibrary">
<doc>Click the element identified by ``locator``.</doc>
<arguments>
<arg>${locator}</arg>
</arguments>
<msg timestamp="20210611 01:01:22.093" level="INFO">Clicking element '//div[contains(@class,'Padding') and text() = '44 - 55 นิ้ว' ]//parent::div[contains(@class,'Col__Column')]//parent::div[contains(@class,'Row__Wrapper')]/div[1]/div[contains(@class,'Checkbox')]'.</msg>
<status status="PASS" starttime="20210611 01:01:22.092" endtime="20210611 01:01:23.136"></status>
</kw>
<status status="PASS" starttime="20210611 01:01:21.768" endtime="20210611 01:01:23.137"></status>
</kw>
<status status="PASS" starttime="20210611 01:01:21.766" endtime="20210611 01:01:23.137"></status>
</kw>
<status status="PASS" starttime="20210611 01:01:19.730" endtime="20210611 01:01:23.137"></status>
</kw>
<kw name="Sleep" library="BuiltIn">
<doc>Pauses the test executed for the given time.</doc>
<arguments>
<arg>2S</arg>
</arguments>
<msg timestamp="20210611 01:01:25.139" level="INFO">Slept 2 seconds</msg>
<status status="PASS" starttime="20210611 01:01:23.138" endtime="20210611 01:01:25.140"></status>
</kw>
<status status="PASS" starttime="20210611 01:00:59.034" endtime="20210611 01:01:25.141"></status>
</kw>
<kw name="Click qualified product with SKU" library="searching_page">
<arguments>
<arg>264098</arg>
</arguments>
<assign>
<var>${text}</var>
</assign>
<kw name="Format String" library="String">
<doc>Formats a ``template`` using the given ``positional`` and ``named`` arguments.</doc>
<arguments>
<arg>${dictSearchingPage.target_product}</arg>
<arg>sku=${sku}</arg>
</arguments>
<assign>
<var>${prd_locator}</var>
</assign>
<msg timestamp="20210611 01:01:25.153" level="INFO">${prd_locator} = css=div[data-productid='264098']</msg>
<status status="PASS" starttime="20210611 01:01:25.148" endtime="20210611 01:01:25.153"></status>
</kw>
<kw name="Format String" library="String">
<doc>Formats a ``template`` using the given ``positional`` and ``named`` arguments.</doc>
<arguments>
<arg>${dictSearchingPage.target_product_name}</arg>
<arg>sku=${sku}</arg>
</arguments>
<assign>
<var>${prd_name_locator}</var>
</assign>
<msg timestamp="20210611 01:01:25.157" level="INFO">${prd_name_locator} = css=div[data-productid='264098'] a:last-child span</msg>
<status status="PASS" starttime="20210611 01:01:25.154" endtime="20210611 01:01:25.157"></status>
</kw>
<kw name="Get Text Element" library="common_keywords">
<arguments>
<arg>${prd_name_locator}</arg>
</arguments>
<assign>
<var>${name}</var>
</assign>
<kw name="Wait Until Element Is Visible" library="SeleniumLibrary">
<doc>Waits until the element ``locator`` is visible.</doc>
<arguments>
<arg>${locator}</arg>
<arg>timeout=${timeout}</arg>
</arguments>
<status status="PASS" starttime="20210611 01:01:25.159" endtime="20210611 01:01:28.551"></status>
</kw>
<kw name="Get Text" library="SeleniumLibrary">
<doc>Returns the text value of the element identified by ``locator``.</doc>
<arguments>
<arg>${locator}</arg>
</arguments>
<assign>
<var>${text}</var>
</assign>
<msg timestamp="20210611 01:01:28.820" level="INFO">${text} = ทีวี UHD LED (55", 4K, Smart) รุ่น 4T-C55CJ2X</msg>
<status status="PASS" starttime="20210611 01:01:28.551" endtime="20210611 01:01:28.820"></status>
</kw>
<kw name="Return From Keyword" library="BuiltIn">
<doc>Returns from the enclosing user keyword.</doc>
<arguments>
<arg>${text}</arg>
</arguments>
<msg timestamp="20210611 01:01:28.821" level="INFO">Returning from the enclosing user keyword.</msg>
<status status="PASS" starttime="20210611 01:01:28.821" endtime="20210611 01:01:28.821"></status>
</kw>
<msg timestamp="20210611 01:01:28.821" level="INFO">${name} = ทีวี UHD LED (55", 4K, Smart) รุ่น 4T-C55CJ2X</msg>
<status status="PASS" starttime="20210611 01:01:25.157" endtime="20210611 01:01:28.821"></status>
</kw>
<kw name="Scroll Down And Wait To Get Available Element" library="common_keywords">
<arguments>
<arg>${prd_locator}</arg>
</arguments>
<kw name="Set Variable" library="BuiltIn">
<doc>Returns the given values which can then be assigned to a variables.</doc>
<arguments>
<arg>${11}</arg>
</arguments>
<assign>
<var>${section}</var>
</assign>
<msg timestamp="20210611 01:01:28.822" level="INFO">${section} = 11</msg>
<status status="PASS" starttime="20210611 01:01:28.822" endtime="20210611 01:01:28.822"></status>
</kw>
<kw name="Get Element Size" library="SeleniumLibrary">
<doc>Returns width and height of the element identified by ``locator``.</doc>
<arguments>
<arg>${dictCommonPage.entire_page}</arg>
</arguments>
<assign>
<var>${page_height}</var>
</assign>
<msg timestamp="20210611 01:01:29.198" level="INFO">${page_height} = (1351, 4960)</msg>
<status status="PASS" starttime="20210611 01:01:28.823" endtime="20210611 01:01:29.198"></status>
</kw>
<kw name="Set Variable" library="BuiltIn">
<doc>Returns the given values which can then be assigned to a variables.</doc>
<arguments>
<arg>${page_height}[1]</arg>
</arguments>
<assign>
<var>${page_height}</var>
</assign>
<msg timestamp="20210611 01:01:29.200" level="INFO">${page_height} = 4960</msg>
<status status="PASS" starttime="20210611 01:01:29.199" endtime="20210611 01:01:29.200"></status>
</kw>
<kw name="Evaluate" library="BuiltIn">
<doc>Evaluates the given expression in Python and returns the result.</doc>
<arguments>
<arg>'${page_height}/${section}'</arg>
</arguments>
<assign>
<var>${scroll_length}</var>
</assign>
<msg timestamp="20210611 01:01:29.201" level="INFO">${scroll_length} = 4960/11</msg>
<status status="PASS" starttime="20210611 01:01:29.200" endtime="20210611 01:01:29.201"></status>
</kw>
<kw name="${index} IN RANGE [ ${section} ]" type="for">
<kw name="${index} = 0" type="foritem">
<kw name="Execute Javascript" library="SeleniumLibrary">
<doc>Executes the given JavaScript code with possible arguments.</doc>
<arguments>
<arg>window.scrollTo(0,${${scroll_length}*${index}})</arg>
</arguments>
<msg timestamp="20210611 01:01:29.203" level="INFO">Executing JavaScript:
window.scrollTo(0,0.0)
Without any arguments.</msg>
<status status="PASS" starttime="20210611 01:01:29.202" endtime="20210611 01:01:29.342"></status>
</kw>
<kw name="Run Keyword And Return Status" library="BuiltIn">
<doc>Runs the given keyword with given arguments and returns the status as a Boolean value.</doc>
<arguments>
<arg>SeleniumLibrary.Wait Until Element Is Visible</arg>
<arg>${locator}</arg>
<arg>timeout=10</arg>
</arguments>
<assign>
<var>${status}</var>
</assign>
<kw name="Wait Until Element Is Visible" library="SeleniumLibrary">
<doc>Waits until the element ``locator`` is visible.</doc>
<arguments>
<arg>${locator}</arg>
<arg>timeout=10</arg>
</arguments>
<status status="PASS" starttime="20210611 01:01:29.343" endtime="20210611 01:01:29.621"></status>
</kw>
<msg timestamp="20210611 01:01:29.622" level="INFO">${status} = True</msg>
<status status="PASS" starttime="20210611 01:01:29.343" endtime="20210611 01:01:29.622"></status>
</kw>
<kw name="Return From Keyword If" library="BuiltIn">
<doc>Returns from the enclosing user keyword if ``condition`` is true.</doc>
<arguments>
<arg>'${status}' == '${true}'</arg>
</arguments>
<msg timestamp="20210611 01:01:29.622" level="INFO">Returning from the enclosing user keyword.</msg>
<status status="PASS" starttime="20210611 01:01:29.622" endtime="20210611 01:01:29.622"></status>
</kw>
<status status="PASS" starttime="20210611 01:01:29.201" endtime="20210611 01:01:29.622"></status>
</kw>
<status status="PASS" starttime="20210611 01:01:29.201" endtime="20210611 01:01:29.622"></status>
</kw>
<status status="PASS" starttime="20210611 01:01:28.821" endtime="20210611 01:01:29.623"></status>
</kw>
<kw name="Sleep" library="BuiltIn">
<doc>Pauses the test executed for the given time.</doc>
<arguments>
<arg>2S</arg>
</arguments>
<msg timestamp="20210611 01:01:31.623" level="INFO">Slept 2 seconds</msg>
<status status="PASS" starttime="20210611 01:01:29.623" endtime="20210611 01:01:31.623"></status>
</kw>
<kw name="Click Element" library="common_keywords">
<arguments>
<arg>${prd_name_locator}</arg>
</arguments>
<kw name="Wait Until Element Is Visible" library="SeleniumLibrary">
<doc>Waits until the element ``locator`` is visible.</doc>
<arguments>
<arg>${locator}</arg>
<arg>timeout=${timeout}</arg>
</arguments>
<status status="PASS" starttime="20210611 01:01:31.625" endtime="20210611 01:01:31.859"></status>
</kw>
<kw name="Click Element" library="SeleniumLibrary">
<doc>Click the element identified by ``locator``.</doc>
<arguments>
<arg>${locator}</arg>
</arguments>
<msg timestamp="20210611 01:01:31.859" level="INFO">Clicking element 'css=div[data-productid='264098'] a:last-child span'.</msg>
<status status="PASS" starttime="20210611 01:01:31.859" endtime="20210611 01:01:33.074"></status>
</kw>
<status status="PASS" starttime="20210611 01:01:31.624" endtime="20210611 01:01:33.074"></status>
</kw>
<kw name="Return From Keyword" library="BuiltIn">
<doc>Returns from the enclosing user keyword.</doc>
<arguments>
<arg>${name}</arg>
</arguments>
<msg timestamp="20210611 01:01:33.074" level="INFO">Returning from the enclosing user keyword.</msg>
<status status="PASS" starttime="20210611 01:01:33.074" endtime="20210611 01:01:33.074"></status>
</kw>
<msg timestamp="20210611 01:01:33.075" level="INFO">${text} = ทีวี UHD LED (55", 4K, Smart) รุ่น 4T-C55CJ2X</msg>
<status status="PASS" starttime="20210611 01:01:25.142" endtime="20210611 01:01:33.075"></status>
</kw>
<kw name="Check product name and add to cart" library="detailed_product_page">
<arguments>
<arg>${text}</arg>
</arguments>
<kw name="Get text and compare value" library="common_keywords">
<arguments>
<arg>${dictDetailedProductPage.product_name}</arg>
<arg>${product_name}</arg>
</arguments>
<assign>
<var>${result}</var>
</assign>
<kw name="Get Text Element" library="common_keywords">
<arguments>
<arg>${locator}</arg>
</arguments>
<assign>
<var>${text}</var>
</assign>
<kw name="Wait Until Element Is Visible" library="SeleniumLibrary">
<doc>Waits until the element ``locator`` is visible.</doc>
<arguments>
<arg>${locator}</arg>
<arg>timeout=${timeout}</arg>
</arguments>
<status status="PASS" starttime="20210611 01:01:33.082" endtime="20210611 01:01:35.706"></status>
</kw>
<kw name="Get Text" library="SeleniumLibrary">
<doc>Returns the text value of the element identified by ``locator``.</doc>
<arguments>
<arg>${locator}</arg>
</arguments>
<assign>
<var>${text}</var>
</assign>
<msg timestamp="20210611 01:01:37.175" level="INFO">${text} = ทีวี UHD LED (55", 4K, Smart) รุ่น 4T-C55CJ2X</msg>
<status status="PASS" starttime="20210611 01:01:35.708" endtime="20210611 01:01:37.175"></status>
</kw>
<kw name="Return From Keyword" library="BuiltIn">
<doc>Returns from the enclosing user keyword.</doc>
<arguments>
<arg>${text}</arg>
</arguments>
<msg timestamp="20210611 01:01:37.175" level="INFO">Returning from the enclosing user keyword.</msg>
<status status="PASS" starttime="20210611 01:01:37.175" endtime="20210611 01:01:37.176"></status>
</kw>
<msg timestamp="20210611 01:01:37.176" level="INFO">${text} = ทีวี UHD LED (55", 4K, Smart) รุ่น 4T-C55CJ2X</msg>
<status status="PASS" starttime="20210611 01:01:33.081" endtime="20210611 01:01:37.176"></status>
</kw>
<kw name="Return From Keyword If" library="BuiltIn">
<doc>Returns from the enclosing user keyword if ``condition`` is true.</doc>
<arguments>
<arg>'${text}' == '${text_value}'</arg>
<arg>${true}</arg>
</arguments>
<msg timestamp="20210611 01:01:37.177" level="INFO">Returning from the enclosing user keyword.</msg>
<status status="PASS" starttime="20210611 01:01:37.177" endtime="20210611 01:01:37.177"></status>
</kw>
<msg timestamp="20210611 01:01:37.178" level="INFO">${result} = True</msg>
<status status="PASS" starttime="20210611 01:01:33.079" endtime="20210611 01:01:37.178"></status>
</kw>
<kw name="Run Keyword If" library="BuiltIn">
<doc>Runs the given keyword with the given arguments, if ``condition`` is true.</doc>
<arguments>
<arg>${result}==${true}</arg>
<arg>common_keywords.Click Element</arg>
<arg>${dictDetailedProductPage.product_add_cart_btn}</arg>
<arg>ELSE</arg>
<arg>BuiltIn.Fail</arg>
<arg>Not same the expected product, refuse!</arg>
</arguments>
<kw name="Click Element" library="common_keywords">
<arguments>
<arg>${dictDetailedProductPage.product_add_cart_btn}</arg>
</arguments>
<kw name="Wait Until Element Is Visible" library="SeleniumLibrary">
<doc>Waits until the element ``locator`` is visible.</doc>
<arguments>
<arg>${locator}</arg>
<arg>timeout=${timeout}</arg>
</arguments>
<status status="PASS" starttime="20210611 01:01:37.180" endtime="20210611 01:01:37.562"></status>
</kw>
<kw name="Click Element" library="SeleniumLibrary">
<doc>Click the element identified by ``locator``.</doc>
<arguments>
<arg>${locator}</arg>
</arguments>
<msg timestamp="20210611 01:01:37.563" level="INFO">Clicking element 'css=div[class='ProductSummary__StickyBarView-ccTufv bHNIjO'] * button'.</msg>
<status status="PASS" starttime="20210611 01:01:37.563" endtime="20210611 01:01:38.136"></status>
</kw>
<status status="PASS" starttime="20210611 01:01:37.179" endtime="20210611 01:01:38.137"></status>
</kw>
<status status="PASS" starttime="20210611 01:01:37.178" endtime="20210611 01:01:38.137"></status>
</kw>
<status status="PASS" starttime="20210611 01:01:33.075" endtime="20210611 01:01:38.137"></status>
</kw>
<kw name="Sleep" library="BuiltIn">
<doc>Pauses the test executed for the given time.</doc>
<arguments>
<arg>2S</arg>
</arguments>
<msg timestamp="20210611 01:01:40.138" level="INFO">Slept 2 seconds</msg>
<status status="PASS" starttime="20210611 01:01:38.138" endtime="20210611 01:01:40.139"></status>
</kw>
<kw name="Check quantity and click to shopping cart" library="common_keywords">
<kw name="Get Text Element" library="common_keywords">
<arguments>
<arg>${dictCommonPage.shopping_cart_number}</arg>
</arguments>
<assign>
<var>${text}</var>
</assign>
<kw name="Wait Until Element Is Visible" library="SeleniumLibrary">
<doc>Waits until the element ``locator`` is visible.</doc>
<arguments>
<arg>${locator}</arg>
<arg>timeout=${timeout}</arg>
</arguments>
<status status="PASS" starttime="20210611 01:01:40.141" endtime="20210611 01:01:40.380"></status>
</kw>
<kw name="Get Text" library="SeleniumLibrary">
<doc>Returns the text value of the element identified by ``locator``.</doc>
<arguments>
<arg>${locator}</arg>
</arguments>
<assign>
<var>${text}</var>
</assign>
<msg timestamp="20210611 01:01:40.612" level="INFO">${text} = 0</msg>
<status status="PASS" starttime="20210611 01:01:40.380" endtime="20210611 01:01:40.612"></status>
</kw>
<kw name="Return From Keyword" library="BuiltIn">
<doc>Returns from the enclosing user keyword.</doc>
<arguments>
<arg>${text}</arg>
</arguments>
<msg timestamp="20210611 01:01:40.612" level="INFO">Returning from the enclosing user keyword.</msg>
<status status="PASS" starttime="20210611 01:01:40.612" endtime="20210611 01:01:40.613"></status>
</kw>
<msg timestamp="20210611 01:01:40.613" level="INFO">${text} = 0</msg>
<status status="PASS" starttime="20210611 01:01:40.140" endtime="20210611 01:01:40.613"></status>
</kw>
<kw name="Log" library="BuiltIn">
<doc>Logs the given message with the given level.</doc>
<arguments>
<arg>Number of product right now in shopping cart is ${text}</arg>
</arguments>
<msg timestamp="20210611 01:01:40.613" level="INFO">Number of product right now in shopping cart is 0</msg>
<status status="PASS" starttime="20210611 01:01:40.613" endtime="20210611 01:01:40.613"></status>
</kw>
<kw name="Click Element" library="common_keywords">
<arguments>
<arg>${dictCommonPage.shopping_cart_icon}</arg>
</arguments>
<kw name="Wait Until Element Is Visible" library="SeleniumLibrary">
<doc>Waits until the element ``locator`` is visible.</doc>
<arguments>
<arg>${locator}</arg>
<arg>timeout=${timeout}</arg>
</arguments>
<status status="PASS" starttime="20210611 01:01:40.614" endtime="20210611 01:01:40.848"></status>
</kw>
<kw name="Click Element" library="SeleniumLibrary">
<doc>Click the element identified by ``locator``.</doc>
<arguments>
<arg>${locator}</arg>
</arguments>
<msg timestamp="20210611 01:01:40.849" level="INFO">Clicking element 'css=div[class='MainHeader__MiniCartContainer-cOzool KbPez'] a[id=btn-openMiniCart]'.</msg>
<status status="PASS" starttime="20210611 01:01:40.849" endtime="20210611 01:01:42.748"></status>
</kw>
<status status="PASS" starttime="20210611 01:01:40.614" endtime="20210611 01:01:42.749"></status>
</kw>
<status status="PASS" starttime="20210611 01:01:40.139" endtime="20210611 01:01:42.749"></status>
</kw>
<kw name="Sleep" library="BuiltIn">
<doc>Pauses the test executed for the given time.</doc>
<arguments>
<arg>2S</arg>
</arguments>
<msg timestamp="20210611 01:01:44.750" level="INFO">Slept 2 seconds</msg>
<status status="PASS" starttime="20210611 01:01:42.750" endtime="20210611 01:01:44.751"></status>
</kw>
<kw name="Check product exist on cart" library="shopping_cart_page">
<arguments>
<arg>${text}</arg>
<arg>264098</arg>
<arg>1</arg>
</arguments>
<kw name="Format String" library="String">
<doc>Formats a ``template`` using the given ``positional`` and ``named`` arguments.</doc>
<arguments>
<arg>${dictShoppingCartPage.product_name}</arg>
<arg>sku=${sku}</arg>
</arguments>
<assign>
<var>${name_locator}</var>
</assign>
<msg timestamp="20210611 01:01:44.753" level="INFO">${name_locator} = xpath=//*[@id="lnk-viewProduct-264098"]/div/text()</msg>
<status status="PASS" starttime="20210611 01:01:44.752" endtime="20210611 01:01:44.753"></status>
</kw>
<kw name="Format String" library="String">
<doc>Formats a ``template`` using the given ``positional`` and ``named`` arguments.</doc>
<arguments>
<arg>${dictShoppingCartPage.product_quantity}</arg>
<arg>prd_name=${product_name}</arg>
</arguments>
<assign>
<var>${quantity_locator}</var>
</assign>
<msg timestamp="20210611 01:01:44.755" level="INFO">${quantity_locator} = css=[class='CartItems__CartItemsContainer-jDoZuM gtvBSj'] [data-product-name = 'ทีวี UHD LED (55", 4K, Smart) รุ่น 4T-C55CJ2X'] [class='Form__FormInput-vd2hnz-0 fQuEjW']</msg>
<status status="PASS" starttime="20210611 01:01:44.753" endtime="20210611 01:01:44.755"></status>
</kw>
<kw name="Get text and compare value" library="common_keywords">
<arguments>
<arg>${name_locator}</arg>
<arg>${product_name}</arg>
</arguments>
<assign>
<var>${result1}</var>
</assign>
<kw name="Get Text Element" library="common_keywords">
<arguments>
<arg>${locator}</arg>
</arguments>
<assign>
<var>${text}</var>
</assign>
<kw name="Wait Until Element Is Visible" library="SeleniumLibrary">
<doc>Waits until the element ``locator`` is visible.</doc>
<arguments>
<arg>${locator}</arg>
<arg>timeout=${timeout}</arg>
</arguments>
<kw name="Capture Page Screenshot" library="SeleniumLibrary">
<doc>Takes a screenshot of the current page and embeds it into a log file.</doc>
<msg timestamp="20210611 01:01:45.082" level="INFO" html="yes">&lt;/td&gt;&lt;/tr&gt;&lt;tr&gt;&lt;td colspan="3"&gt;&lt;a href="selenium-screenshot-21.png"&gt;&lt;img src="selenium-screenshot-21.png" width="800px"&gt;&lt;/a&gt;</msg>
<status status="PASS" starttime="20210611 01:01:44.812" endtime="20210611 01:01:45.083"></status>
</kw>
<msg timestamp="20210611 01:01:45.086" level="FAIL">InvalidSelectorException: Message: invalid selector: The result of the xpath expression "//*[@id="lnk-viewProduct-264098"]/div/text()" is: [object Text]. It should be an element.
  (Session info: chrome=91.0.4472.77)
</msg>
<status status="FAIL" starttime="20210611 01:01:44.758" endtime="20210611 01:01:45.086"></status>
</kw>
<status status="FAIL" starttime="20210611 01:01:44.756" endtime="20210611 01:01:45.086"></status>
</kw>
<status status="FAIL" starttime="20210611 01:01:44.755" endtime="20210611 01:01:45.086"></status>
</kw>
<status status="FAIL" starttime="20210611 01:01:44.751" endtime="20210611 01:01:45.087"></status>
</kw>
<tags>
<tag>search TV</tag>
<tag>web</tag>
</tags>
<status status="FAIL" starttime="20210611 01:00:59.033" endtime="20210611 01:01:45.087" critical="yes">InvalidSelectorException: Message: invalid selector: The result of the xpath expression "//*[@id="lnk-viewProduct-264098"]/div/text()" is: [object Text]. It should be an element.
  (Session info: chrome=91.0.4472.77)
</status>
</test>
<status status="FAIL" starttime="20210611 01:00:58.585" endtime="20210611 01:01:45.093"></status>
</suite>
<status status="FAIL" starttime="20210611 01:00:58.560" endtime="20210611 01:01:45.107"></status>
</suite>
<statistics>
<total>
<stat pass="0" fail="1">Critical Tests</stat>
<stat pass="0" fail="1">All Tests</stat>
</total>
<tag>
<stat pass="0" fail="1">search TV</stat>
<stat pass="0" fail="1">web</stat>
</tag>
<suite>
<stat pass="0" fail="1" id="s1" name="Testcases">Testcases</stat>
<stat pass="0" fail="1" id="s1-s1" name="Search And Add Product">Testcases.Search And Add Product</stat>
</suite>
</statistics>
<errors>
</errors>
</robot>
