<?xml version="1.0" encoding="UTF-8"?>
<robot generator="Robot 3.2.1 (Python 3.9.5 on linux)" generated="20210611 14:28:05.224" rpa="false">
<suite id="s1" name="Testcases" source="/home/chitq/WorkingSpace/SelfTask/CentralTask/testcases">
<suite id="s1-s1" name="Search And Add Product" source="/home/chitq/WorkingSpace/SelfTask/CentralTask/testcases/search_and_add_product.robot">
<test id="s1-s1-t1" name="Check added products are existed on shopping cart">
<kw name="Open browser to home page" library="common_keywords">
<kw name="Open browser to page" library="common_keywords">
<arguments>
<arg>${pb_url}/${language}</arg>
</arguments>
<kw name="Evaluate" library="BuiltIn">
<doc>Evaluates the given expression in Python and returns the result.</doc>
<arguments>
<arg>sys.modules['selenium.webdriver'].ChromeOptions()</arg>
<arg>sys</arg>
</arguments>
<assign>
<var>${options}</var>
</assign>
<msg timestamp="20210611 14:28:05.493" level="INFO">${options} = &lt;selenium.webdriver.chrome.options.Options object at 0x7f3d7bca0fa0&gt;</msg>
<status status="PASS" starttime="20210611 14:28:05.492" endtime="20210611 14:28:05.493"></status>
</kw>
<kw name="Create Dictionary" library="BuiltIn">
<doc>Creates and returns a dictionary based on the given ``items``.</doc>
<arguments>
<arg>"fasp"=True</arg>
</arguments>
<assign>
<var>${exclude}</var>
</assign>
<msg timestamp="20210611 14:28:05.493" level="INFO">${exclude} = {'"fasp"': 'True'}</msg>
<status status="PASS" starttime="20210611 14:28:05.493" endtime="20210611 14:28:05.493"></status>
</kw>
<kw name="Create Dictionary" library="BuiltIn">
<doc>Creates and returns a dictionary based on the given ``items``.</doc>
<arguments>
<arg>protocol_handler.excluded_schemes=${exclude}</arg>
</arguments>
<assign>
<var>${prefs}</var>
</assign>
<msg timestamp="20210611 14:28:05.493" level="INFO">${prefs} = {'protocol_handler.excluded_schemes': {'"fasp"': 'True'}}</msg>
<status status="PASS" starttime="20210611 14:28:05.493" endtime="20210611 14:28:05.493"></status>
</kw>
<kw name="Call Method" library="BuiltIn">
<doc>Calls the named method of the given object with the provided arguments.</doc>
<arguments>
<arg>${options}</arg>
<arg>add_argument</arg>
<arg>--disable-infobars</arg>
</arguments>
<status status="PASS" starttime="20210611 14:28:05.494" endtime="20210611 14:28:05.494"></status>
</kw>
<kw name="Call Method" library="BuiltIn">
<doc>Calls the named method of the given object with the provided arguments.</doc>
<arguments>
<arg>${options}</arg>
<arg>add_experimental_option</arg>
<arg>prefs</arg>
<arg>${prefs}</arg>
</arguments>
<status status="PASS" starttime="20210611 14:28:05.494" endtime="20210611 14:28:05.494"></status>
</kw>
<kw name="Create Webdriver" library="SeleniumLibrary">
<doc>Creates an instance of Selenium WebDriver.</doc>
<arguments>
<arg>Chrome</arg>
<arg>chrome_options=${options}</arg>
</arguments>
<msg timestamp="20210611 14:28:05.494" level="INFO">Creating an instance of the Chrome WebDriver.</msg>
<status status="PASS" starttime="20210611 14:28:05.494" endtime="20210611 14:28:06.775"></status>
</kw>
<kw name="Maximize Browser Window" library="SeleniumLibrary">
<doc>Maximizes current browser window.</doc>
<status status="PASS" starttime="20210611 14:28:06.776" endtime="20210611 14:28:06.905"></status>
</kw>
<kw name="Set Selenium Speed" library="SeleniumLibrary">
<doc>Sets the delay that is waited after each Selenium command.</doc>
<arguments>
<arg>${speed}</arg>
</arguments>
<status status="PASS" starttime="20210611 14:28:06.906" endtime="20210611 14:28:06.907"></status>
</kw>
<kw name="Go To" library="SeleniumLibrary">
<doc>Navigates the current browser window to the provided ``url``.</doc>
<arguments>
<arg>${url}</arg>
</arguments>
<msg timestamp="20210611 14:28:06.908" level="INFO">Opening url 'https://www.powerbuy.co.th/en'</msg>
<status status="PASS" starttime="20210611 14:28:06.907" endtime="20210611 14:28:26.717"></status>
</kw>
<status status="PASS" starttime="20210611 14:28:05.492" endtime="20210611 14:28:26.717"></status>
</kw>
<status status="PASS" starttime="20210611 14:28:05.492" endtime="20210611 14:28:26.717"></status>
</kw>
<kw name="Search and add product to cart if qualified">
<arguments>
<arg>${search_field}</arg>
<arg>${size.type1}</arg>
</arguments>
<assign>
<var>${product_name1}</var>
</assign>
<kw name="Search products with name and specificcation" library="searching_page">
<arguments>
<arg>${search_field}</arg>
<arg>${size}</arg>
</arguments>
<kw name="Search desired product by name" library="common_keywords">
<arguments>
<arg>${name}</arg>
</arguments>
<kw name="Input Text" library="SeleniumLibrary">
<doc>Types the given ``text`` into the text field identified by ``locator``.</doc>
<arguments>
<arg>${dictCommonPage.search_input_box}</arg>
<arg>${name}</arg>
</arguments>
<msg timestamp="20210611 14:28:26.720" level="INFO">Typing text 'TV' into text field 'css=[class='MainHeader__StyledWrapper-fBqfJn igXJea'] #txt-searchBox-input'.</msg>
<status status="PASS" starttime="20210611 14:28:26.719" endtime="20210611 14:28:27.284"></status>
</kw>
<kw name="Click Element" library="common_keywords">
<arguments>
<arg>${dictCommonPage.search_button}</arg>
</arguments>
<kw name="Wait Until Element Is Visible" library="SeleniumLibrary">
<doc>Waits until the element ``locator`` is visible.</doc>
<arguments>
<arg>${locator}</arg>
<arg>timeout=${timeout}</arg>
</arguments>
<status status="PASS" starttime="20210611 14:28:27.285" endtime="20210611 14:28:27.744"></status>
</kw>
<kw name="Click Element" library="SeleniumLibrary">
<doc>Click the element identified by ``locator``.</doc>
<arguments>
<arg>${locator}</arg>
</arguments>
<msg timestamp="20210611 14:28:27.745" level="INFO">Clicking element 'css=[class='MainHeader__StyledWrapper-fBqfJn igXJea'] #btn-searchBox-input'.</msg>
<status status="PASS" starttime="20210611 14:28:27.744" endtime="20210611 14:28:28.122"></status>
</kw>
<status status="PASS" starttime="20210611 14:28:27.284" endtime="20210611 14:28:28.122"></status>
</kw>
<kw name="Format String" library="String">
<doc>Formats a ``template`` using the given ``positional`` and ``named`` arguments.</doc>
<arguments>
<arg>${result_text}</arg>
<arg>text=${name}</arg>
</arguments>
<assign>
<var>${expected_text}</var>
</assign>
<msg timestamp="20210611 14:28:28.122" level="INFO">${expected_text} = Results for "TV"</msg>
<status status="PASS" starttime="20210611 14:28:28.122" endtime="20210611 14:28:28.123"></status>
</kw>
<kw name="Get text and compare value" library="common_keywords">
<arguments>
<arg>${dictCommonPage.search_result_text}</arg>
<arg>${expected_text}</arg>
</arguments>
<assign>
<var>${result}</var>
</assign>
<kw name="Get Text Element" library="common_keywords">
<arguments>
<arg>${locator}</arg>
</arguments>
<assign>
<var>${text}</var>
</assign>
<kw name="Wait Until Element Is Visible" library="SeleniumLibrary">
<doc>Waits until the element ``locator`` is visible.</doc>
<arguments>
<arg>${locator}</arg>
<arg>timeout=${timeout}</arg>
</arguments>
<status status="PASS" starttime="20210611 14:28:28.123" endtime="20210611 14:28:30.809"></status>
</kw>
<kw name="Get Text" library="SeleniumLibrary">
<doc>Returns the text value of the element identified by ``locator``.</doc>
<arguments>
<arg>${locator}</arg>
</arguments>
<assign>
<var>${text}</var>
</assign>
<msg timestamp="20210611 14:28:31.062" level="INFO">${text} = Results for "TV"</msg>
<status status="PASS" starttime="20210611 14:28:30.810" endtime="20210611 14:28:31.062"></status>
</kw>
<kw name="Return From Keyword" library="BuiltIn">
<doc>Returns from the enclosing user keyword.</doc>
<arguments>
<arg>${text}</arg>
</arguments>
<msg timestamp="20210611 14:28:31.062" level="INFO">Returning from the enclosing user keyword.</msg>
<status status="PASS" starttime="20210611 14:28:31.062" endtime="20210611 14:28:31.063"></status>
</kw>
<msg timestamp="20210611 14:28:31.063" level="INFO">${text} = Results for "TV"</msg>
<status status="PASS" starttime="20210611 14:28:28.123" endtime="20210611 14:28:31.063"></status>
</kw>
<kw name="Return From Keyword If" library="BuiltIn">
<doc>Returns from the enclosing user keyword if ``condition`` is true.</doc>
<arguments>
<arg>'${text}' == '${text_value}'</arg>
<arg>${true}</arg>
</arguments>
<msg timestamp="20210611 14:28:31.063" level="INFO">Returning from the enclosing user keyword.</msg>
<status status="PASS" starttime="20210611 14:28:31.063" endtime="20210611 14:28:31.063"></status>
</kw>
<msg timestamp="20210611 14:28:31.063" level="INFO">${result} = True</msg>
<status status="PASS" starttime="20210611 14:28:28.123" endtime="20210611 14:28:31.063"></status>
</kw>
<kw name="Run Keyword If" library="BuiltIn">
<doc>Runs the given keyword with the given arguments, if ``condition`` is true.</doc>
<arguments>
<arg>${result} == ${true}</arg>
<arg>BuiltIn.Log</arg>
<arg>Success to search products by text name</arg>
<arg>ELSE</arg>
<arg>BuiltIn.Fail</arg>
<arg>Fail to search products by text name</arg>
</arguments>
<kw name="Log" library="BuiltIn">
<doc>Logs the given message with the given level.</doc>
<arguments>
<arg>Success to search products by text name</arg>
</arguments>
<msg timestamp="20210611 14:28:31.064" level="INFO">Success to search products by text name</msg>
<status status="PASS" starttime="20210611 14:28:31.064" endtime="20210611 14:28:31.064"></status>
</kw>
<status status="PASS" starttime="20210611 14:28:31.064" endtime="20210611 14:28:31.064"></status>
</kw>
<status status="PASS" starttime="20210611 14:28:26.719" endtime="20210611 14:28:31.064"></status>
</kw>
<kw name="Select filter follow option" library="searching_page">
<arguments>
<arg>${specificcation}</arg>
</arguments>
<kw name="Format String" library="String">
<doc>Formats a ``template`` using the given ``positional`` and ``named`` arguments.</doc>
<arguments>
<arg>${dictSearchingPage.screen_size_opt}</arg>
<arg>titile_name=${screen_size_title}</arg>
</arguments>
<assign>
<var>${screen_size_filter}</var>
</assign>
<msg timestamp="20210611 14:28:31.065" level="INFO">${screen_size_filter} = css=div[title='Screen Size Group (inches)']</msg>
<status status="PASS" starttime="20210611 14:28:31.065" endtime="20210611 14:28:31.065"></status>
</kw>
<kw name="Format String" library="String">
<doc>Formats a ``template`` using the given ``positional`` and ``named`` arguments.</doc>
<arguments>
<arg>${dictSearchingPage.opt_size_option}</arg>
<arg>size_inch=${size}</arg>
</arguments>
<assign>
<var>${opt_locator}</var>
</assign>
<msg timestamp="20210611 14:28:31.065" level="INFO">${opt_locator} = //div[contains(@class,'Padding') and text() = '44 - 55 inches' ]//parent::div[contains(@class,'Col__Column')]//parent::div[contains(@class,'Row__Wrapper')]/div[1]/div[contains(@class,'Checkbox')]</msg>
<status status="PASS" starttime="20210611 14:28:31.065" endtime="20210611 14:28:31.065"></status>
</kw>
<kw name="Scroll To Element" library="common_keywords">
<arguments>
<arg>${screen_size_filter}</arg>
</arguments>
<kw name="Scroll Element Into View" library="SeleniumLibrary">
<doc>Scrolls the element identified by ``locator`` into view.</doc>
<arguments>
<arg>${locator}</arg>
</arguments>
<status status="PASS" starttime="20210611 14:28:31.066" endtime="20210611 14:28:31.557"></status>
</kw>
<status status="PASS" starttime="20210611 14:28:31.066" endtime="20210611 14:28:31.557"></status>
</kw>
<kw name="Verify number of available product" library="searching_page">
<arguments>
<arg>${size}</arg>
</arguments>
<assign>
<var>${result}</var>
</assign>
<kw name="Format String" library="String">
<doc>Formats a ``template`` using the given ``positional`` and ``named`` arguments.</doc>
<arguments>
<arg>${dictSearchingPage.opt_number_product}</arg>
<arg>size_inch=${size}</arg>
</arguments>
<assign>
<var>${locator}</var>
</assign>
<msg timestamp="20210611 14:28:31.558" level="INFO">${locator} = //div[contains(@class,'Padding') and text() = '44 - 55 inches' ]/div/span</msg>
<status status="PASS" starttime="20210611 14:28:31.558" endtime="20210611 14:28:31.558"></status>
</kw>
<kw name="Get Text Element" library="common_keywords">
<arguments>
<arg>${locator}</arg>
</arguments>
<assign>
<var>${text_value}</var>
</assign>
<kw name="Wait Until Element Is Visible" library="SeleniumLibrary">
<doc>Waits until the element ``locator`` is visible.</doc>
<arguments>
<arg>${locator}</arg>
<arg>timeout=${timeout}</arg>
</arguments>
<status status="PASS" starttime="20210611 14:28:31.559" endtime="20210611 14:28:31.804"></status>
</kw>
<kw name="Get Text" library="SeleniumLibrary">
<doc>Returns the text value of the element identified by ``locator``.</doc>
<arguments>
<arg>${locator}</arg>
</arguments>
<assign>
<var>${text}</var>
</assign>
<msg timestamp="20210611 14:28:32.054" level="INFO">${text} = (110)</msg>
<status status="PASS" starttime="20210611 14:28:31.805" endtime="20210611 14:28:32.054"></status>
</kw>
<kw name="Return From Keyword" library="BuiltIn">
<doc>Returns from the enclosing user keyword.</doc>
<arguments>
<arg>${text}</arg>
</arguments>
<msg timestamp="20210611 14:28:32.055" level="INFO">Returning from the enclosing user keyword.</msg>
<status status="PASS" starttime="20210611 14:28:32.055" endtime="20210611 14:28:32.056"></status>
</kw>
<msg timestamp="20210611 14:28:32.056" level="INFO">${text_value} = (110)</msg>
<status status="PASS" starttime="20210611 14:28:31.558" endtime="20210611 14:28:32.056"></status>
</kw>
<kw name="Remove String" library="String">
<doc>Removes all ``removables`` from the given ``string``.</doc>
<arguments>
<arg>${text_value}</arg>
<arg>(</arg>
<arg>)</arg>
</arguments>
<assign>
<var>${text_value}</var>
</assign>
<msg timestamp="20210611 14:28:32.057" level="INFO">${text_value} = 110</msg>
<status status="PASS" starttime="20210611 14:28:32.056" endtime="20210611 14:28:32.057"></status>
</kw>
<kw name="Convert To Number" library="BuiltIn">
<doc>Converts the given item to a floating point number.</doc>
<arguments>
<arg>${text_value}</arg>
</arguments>
<assign>
<var>${number_value}</var>
</assign>
<msg timestamp="20210611 14:28:32.057" level="INFO">${number_value} = 110.0</msg>
<status status="PASS" starttime="20210611 14:28:32.057" endtime="20210611 14:28:32.057"></status>
</kw>
<kw name="Return From Keyword If" library="BuiltIn">
<doc>Returns from the enclosing user keyword if ``condition`` is true.</doc>
<arguments>
<arg>${number_value} &gt; 0</arg>
<arg>${true}</arg>
</arguments>
<msg timestamp="20210611 14:28:32.058" level="INFO">Returning from the enclosing user keyword.</msg>
<status status="PASS" starttime="20210611 14:28:32.057" endtime="20210611 14:28:32.058"></status>
</kw>
<msg timestamp="20210611 14:28:32.058" level="INFO">${result} = True</msg>
<status status="PASS" starttime="20210611 14:28:31.557" endtime="20210611 14:28:32.058"></status>
</kw>
<kw name="Run Keyword If" library="BuiltIn">
<doc>Runs the given keyword with the given arguments, if ``condition`` is true.</doc>
<arguments>
<arg>${result}==${true}</arg>
<arg>common_keywords.Click Element</arg>
<arg>${opt_locator}</arg>
<arg>ELSE</arg>
<arg>BuiltIn.Fail</arg>
<arg>Products as filted not available!</arg>
</arguments>
<kw name="Click Element" library="common_keywords">
<arguments>
<arg>${opt_locator}</arg>
</arguments>
<kw name="Wait Until Element Is Visible" library="SeleniumLibrary">
<doc>Waits until the element ``locator`` is visible.</doc>
<arguments>
<arg>${locator}</arg>
<arg>timeout=${timeout}</arg>
</arguments>
<status status="PASS" starttime="20210611 14:28:32.059" endtime="20210611 14:28:32.288"></status>
</kw>
<kw name="Click Element" library="SeleniumLibrary">
<doc>Click the element identified by ``locator``.</doc>
<arguments>
<arg>${locator}</arg>
</arguments>
<msg timestamp="20210611 14:28:32.288" level="INFO">Clicking element '//div[contains(@class,'Padding') and text() = '44 - 55 inches' ]//parent::div[contains(@class,'Col__Column')]//parent::div[contains(@class,'Row__Wrapper')]/div[1]/div[contains(@class,'Checkbox')]'.</msg>
<status status="PASS" starttime="20210611 14:28:32.288" endtime="20210611 14:28:32.757"></status>
</kw>
<status status="PASS" starttime="20210611 14:28:32.058" endtime="20210611 14:28:32.757"></status>
</kw>
<status status="PASS" starttime="20210611 14:28:32.058" endtime="20210611 14:28:32.757"></status>
</kw>
<status status="PASS" starttime="20210611 14:28:31.064" endtime="20210611 14:28:32.758"></status>
</kw>
<kw name="Sleep" library="BuiltIn">
<doc>Pauses the test executed for the given time.</doc>
<arguments>
<arg>2S</arg>
</arguments>
<msg timestamp="20210611 14:28:34.758" level="INFO">Slept 2 seconds</msg>
<status status="PASS" starttime="20210611 14:28:32.758" endtime="20210611 14:28:34.759"></status>
</kw>
<status status="PASS" starttime="20210611 14:28:26.719" endtime="20210611 14:28:34.759"></status>
</kw>
<kw name="Get sku of product can add to cart" library="api_cart">
<doc>This method will return products which only have add to cart method.</doc>
<arguments>
<arg>${search_field}</arg>
<arg>${size}</arg>
</arguments>
<assign>
<var>${sku}</var>
</assign>
<kw name="Get inch size symbol for api" library="api_cart">
<arguments>
<arg>${inchs_size}</arg>
</arguments>
<assign>
<var>${inchs_size_symbol}</var>
</assign>
<kw name="Run Keyword If" library="BuiltIn">
<doc>Runs the given keyword with the given arguments, if ``condition`` is true.</doc>
<arguments>
<arg>'${inchs_size}'=='44 - 55'</arg>
<arg>BuiltIn.Set Variable</arg>
<arg>${screen_size.s_44_55_inchs}</arg>
<arg>ELSE</arg>
<arg>BuiltIn.Set Variable</arg>
<arg>${screen_size.s_32_43_inchs}</arg>
</arguments>
<assign>
<var>${value}</var>
</assign>
<kw name="Set Variable" library="BuiltIn">
<doc>Returns the given values which can then be assigned to a variables.</doc>
<arguments>
<arg>${screen_size.s_44_55_inchs}</arg>
</arguments>
<status status="PASS" starttime="20210611 14:28:34.762" endtime="20210611 14:28:34.762"></status>
</kw>
<msg timestamp="20210611 14:28:34.763" level="INFO">${value} = 44%20-%2055%20inches</msg>
<status status="PASS" starttime="20210611 14:28:34.761" endtime="20210611 14:28:34.763"></status>
</kw>
<msg timestamp="20210611 14:28:34.763" level="INFO">${inchs_size_symbol} = 44%20-%2055%20inches</msg>
<status status="PASS" starttime="20210611 14:28:34.761" endtime="20210611 14:28:34.763"></status>
</kw>
<kw name="Post search profuct with filer" library="api_cart">
<doc>This method write to search currently for TV with inchs size option.</doc>
<arguments>
<arg>${product_type}</arg>
<arg>${inchs_size_symbol}</arg>
</arguments>
<assign>
<var>${response_body}</var>
</assign>
<kw name="Set Variable" library="BuiltIn">
<doc>Returns the given values which can then be assigned to a variables.</doc>
<arguments>
<arg>${api_url}/graphql</arg>
</arguments>
<assign>
<var>${end_point}</var>
</assign>
<msg timestamp="20210611 14:28:34.763" level="INFO">${end_point} = https://coreapi-v2.powerbuy.co.th/graphql</msg>
<status status="PASS" starttime="20210611 14:28:34.763" endtime="20210611 14:28:34.763"></status>
</kw>
<kw name="Create Dictionary" library="BuiltIn">
<doc>Creates and returns a dictionary based on the given ``items``.</doc>
<arguments>
<arg>accept=*/*</arg>
<arg>accept-encoding=gzip,deflate,br</arg>
<arg>accept-language=en-US,en;q=0.9</arg>
<arg>bu=pwb</arg>
<arg>client=web</arg>
<arg>store=${store}</arg>
<arg>x-product-attr=free_delivery,free_text_flag,badge,show_badge,free_installation,product_tags,related_to,home_branch,attached_pdf_file,model,barcode,click_collect,shipping_methods,payment_methods,flash_deal_enable,special_to_date,special_from_date</arg>
</arguments>
<assign>
<var>&amp;{header}</var>
</assign>
<msg timestamp="20210611 14:28:34.764" level="INFO">&amp;{header} = { accept=*/* | accept-encoding=gzip,deflate,br | accept-language=en-US,en;q=0.9 | bu=pwb | client=web | store=en | x-product-attr=free_delivery,free_text_flag,badge,show_badge,free_installation,produc...</msg>
<status status="PASS" starttime="20210611 14:28:34.764" endtime="20210611 14:28:34.764"></status>
</kw>
<kw name="Load JSON From File" library="JSONLibrary">
<doc>Load JSON from file.</doc>
<arguments>
<arg>/home/chitq/WorkingSpace/SelfTask/CentralTask/keywords/api/payload/search_payload.json</arg>
</arguments>
<assign>
<var>${body_request}</var>
</assign>
<msg timestamp="20210611 14:28:34.765" level="INFO">${body_request} = {'operationName': 'productSearch', 'variables': {'filterGroups': [{'filters': [{'field': 'status', 'value': '1'}]}, {'filters': [{'field': 'visibility', 'value': '4'}]}, {'filters': [{'field': 'expr-p...</msg>
<status status="PASS" starttime="20210611 14:28:34.764" endtime="20210611 14:28:34.765"></status>
</kw>
<kw name="Update Value To Json" library="JSONLibrary">
<doc>Update value to JSON using JSONPath</doc>
<arguments>
<arg>${body_request}</arg>
<arg>$..filterGroups[4].filters[0].value</arg>
<arg>${inchs_size_symbol}</arg>
</arguments>
<assign>
<var>${body_request}</var>
</assign>
<msg timestamp="20210611 14:28:34.784" level="INFO">${body_request} = {'operationName': 'productSearch', 'variables': {'filterGroups': [{'filters': [{'field': 'status', 'value': '1'}]}, {'filters': [{'field': 'visibility', 'value': '4'}]}, {'filters': [{'field': 'expr-p...</msg>
<status status="PASS" starttime="20210611 14:28:34.765" endtime="20210611 14:28:34.784"></status>
</kw>
<kw name="Update Value To Json" library="JSONLibrary">
<doc>Update value to JSON using JSONPath</doc>
<arguments>
<arg>${body_request}</arg>
<arg>$..filterGroups[5].filters[0].value</arg>
<arg>${product_type}</arg>
</arguments>
<assign>
<var>${body_request}</var>
</assign>
<msg timestamp="20210611 14:28:34.800" level="INFO">${body_request} = {'operationName': 'productSearch', 'variables': {'filterGroups': [{'filters': [{'field': 'status', 'value': '1'}]}, {'filters': [{'field': 'visibility', 'value': '4'}]}, {'filters': [{'field': 'expr-p...</msg>
<status status="PASS" starttime="20210611 14:28:34.784" endtime="20210611 14:28:34.800"></status>
</kw>
<kw name="Evaluate" library="BuiltIn">
<doc>Evaluates the given expression in Python and returns the result.</doc>
<arguments>
<arg>json.dumps($body_request)</arg>
<arg>json</arg>
</arguments>
<assign>
<var>${body}</var>
</assign>
<msg timestamp="20210611 14:28:34.804" level="INFO">${body} = {"operationName": "productSearch", "variables": {"filterGroups": [{"filters": [{"field": "status", "value": "1"}]}, {"filters": [{"field": "visibility", "value": "4"}]}, {"filters": [{"field": "expr-p...</msg>
<status status="PASS" starttime="20210611 14:28:34.801" endtime="20210611 14:28:34.804"></status>
</kw>
<kw name="Post" library="REST">
<tags>
<tag>http</tag>
</tags>
<doc>*Sends a POST request to the endpoint.*</doc>
<arguments>
<arg>endpoint=${end_point}</arg>
<arg>headers=&amp;{header}</arg>
<arg>body=${body}</arg>
</arguments>
<assign>
<var>${response}</var>
</assign>
<msg timestamp="20210611 14:28:35.781" level="INFO">${response} = {'seconds': 0.849093, 'status': 200, 'body': {'data': {'productSearch': {'total_count': 110, 'sorting': [{'code': 'name', 'name': 'Product Name'}, {'code': 'brand', 'name': 'Brand'}, {'code': 'm_memor...</msg>
<status status="PASS" starttime="20210611 14:28:34.804" endtime="20210611 14:28:35.781"></status>
</kw>
<kw name="Integer" library="REST">
<tags>
<tag>assertions</tag>
</tags>
<doc>*Asserts the field as JSON integer.*</doc>
<arguments>
<arg>response status</arg>
<arg>200</arg>
</arguments>
<status status="PASS" starttime="20210611 14:28:35.781" endtime="20210611 14:28:35.782"></status>
</kw>
<kw name="Output" library="REST">
<tags>
<tag>I/O</tag>
</tags>
<doc>*Outputs JSON to terminal or a file.*</doc>
<arguments>
<arg>response body</arg>
</arguments>
<assign>
<var>${quote_id}</var>
</assign>
<msg timestamp="20210611 14:28:35.791" level="INFO">
{
    "data": {
        "productSearch": {
            "total_count": 110,
            "sorting": [
                {
                    "code": "name",
                    "name": "Product Name"
                },
                {
                    "code": "brand",
                    "name": "Brand"
                },
                {
                    "code": "m_memory_ram",
                    "name": "Memory (RAM)"
                },
                {
                    "code": "m_memory_rom_gb",
                    "name": "ROM (GB.)"
                }
            ],
            "filters": [
                {
                    "name": "Categories",
                    "attribute_code": "category_id",
                    "position": -1,
                    "items": [
                        {
                            "label": "Default Category",
                            "value": "2",
                            "count": 109,
                            "custom_attributes": {
                                "parent_id": 1,
                                "url_path": null,
                                "level": 1,
                                "url_key": "defaultcategory"
                            }
                        },
                        {
                            "label": "TV &amp; Entertainment",
                            "value": "125470",
                            "count": 108,
                            "custom_attributes": {
                                "parent_id": 2,
                                "url_path": "tv-and-entertainment",
                                "level": 2,
                                "url_key": "tv-and-entertainment"
                            }
                        },
                        {
                            "label": "Televisions",
                            "value": "125476",
                            "count": 108,
                            "custom_attributes": {
                                "parent_id": 125470,
                                "url_path": "tv-and-entertainment/televisions",
                                "level": 3,
                                "url_key": "televisions"
                            }
                        },
                        {
                            "label": "LED &amp; Nano Cell &amp; QLED",
                            "value": "125479",
                            "count": 89,
                            "custom_attributes": {
                                "parent_id": 125476,
                                "url_path": "tv-and-entertainment/televisions/led-tvs",
                                "level": 4,
                                "url_key": "led-tvs"
                            }
                        },
                        {
                            "label": "4K UHD TVs",
                            "value": "125482",
                            "count": 73,
                            "custom_attributes": {
                                "parent_id": 125476,
                                "url_path": "tv-and-entertainment/televisions/4k-uhd-tvs",
                                "level": 4,
                                "url_key": "4k-uhd-tvs"
                            }
                        },
                        {
                            "label": "New You New Home Hilight",
                            "value": "134864",
                            "count": 10,
                            "custom_attributes": {
                                "parent_id": 129866,
                                "url_path": "promotion/big-campaign/new-you-new-home-hilight",
                                "level": 4,
                                "url_key": "new-you-new-home-hilight"
                            }
                        },
                        {
                            "label": "OLED",
                            "value": "125485",
                            "count": 9,
                            "custom_attributes": {
                                "parent_id": 125476,
                                "url_path": "tv-and-entertainment/televisions/oled-qled-tvs",
                                "level": 4,
                                "url_key": "oled-qled-tvs"
                            }
                        },
                        {
                            "label": "hi light new year resolution voucher set 2",
                            "value": "131715",
                            "count": 2,
                            "custom_attributes": {
                                "parent_id": 129866,
                                "url_path": "promotion/big-campaign/hi-light-new-year-resolution-voucher-set-2",
                                "level": 4,
                                "url_key": "hi-light-new-year-resolution-voucher-set-2"
                            }
                        },
                        {
                            "label": "Accessories",
                            "value": "127486",
                            "count": 1,
                            "custom_attributes": {
                                "parent_id": 2,
                                "url_path": "all-accessories",
                                "level": 2,
                                "url_key": "all-accessories"
                            }
                        },
                        {
                            "label": "Computer &amp; Gaming Accessories",
                            "value": "127525",
                            "count": 1,
                            "custom_attributes": {
                                "parent_id": 127486,
                                "url_path": "all-accessories/computer-and-gaming-accessories",
                                "level": 3,
                                "url_key": "computer-and-gaming-accessories"
                            }
                        },
                        {
                            "label": "Computers &amp; Office",
                            "value": "127084",
                            "count": 1,
                            "custom_attributes": {
                                "parent_id": 2,
                                "url_path": "computers-and-offices",
                                "level": 2,
                                "url_key": "computers-and-offices"
                            }
                        },
                        {
                            "label": "Keyboards",
                            "value": "127537",
                            "count": 1,
                            "custom_attributes": {
                                "parent_id": 127525,
                                "url_path": "all-accessories/computer-and-gaming-accessories/keyboards",
                                "level": 4,
                                "url_key": "keyboards"
                            }
                        }
                    ]
                },
                {
                    "name": "Brand",
                    "attribute_code": "brand",
                    "position": 400,
                    "items": [
                        {
                            "label": "SAMSUNG",
                            "value": "SAMSUNG",
                            "count": 19,
                            "custom_attributes": null
                        },
                        {
                            "label": "LG",
                            "value": "LG",
                            "count": 18,
                            "custom_attributes": null
                        },
                        {
                            "label": "SONY",
                            "value": "SONY",
                            "count": 18,
                            "custom_attributes": null
                        },
                        {
                            "label": "TCL",
                            "value": "TCL",
                            "count": 12,
                            "custom_attributes": null
                        },
                        {
                            "label": "SHARP",
                            "value": "SHARP",
                            "count": 7,
                            "custom_attributes": null
                        },
                        {
                            "label": "PANASONIC",
                            "value": "PANASONIC",
                            "count": 6,
                            "custom_attributes": null
                        },
                        {
                            "label": "PHILIPS",
                            "value": "PHILIPS",
                            "count": 6,
                            "custom_attributes": null
                        },
                        {
                            "label": "SKYWORTH",
                            "value": "SKYWORTH",
                            "count": 6,
                            "custom_attributes": null
                        },
                        {
                            "label": "ACONATIC",
                            "value": "ACONATIC",
                            "count": 5,
                            "custom_attributes": null
                        },
                        {
                            "label": "HISENSE",
                            "value": "HISENSE",
                            "count": 5,
                            "custom_attributes": null
                        },
                        {
                            "label": "PRISMA",
                            "value": "PRISMA",
                            "count": 4,
                            "custom_attributes": null
                        },
                        {
                            "label": "HYUNDAI",
                            "value": "HYUNDAI",
                            "count": 2,
                            "custom_attributes": null
                        },
                        {
                            "label": "NANO",
                            "value": "NANO",
                            "count": 2,
                            "custom_attributes": null
                        }
                    ]
                },
                {
                    "name": "Capacity Group (cubic)",
                    "attribute_code": "m_capacity_cubic",
                    "position": 400,
                    "items": [
                        {
                            "label": "0 - 6 Cubic",
                            "value": "0 - 6 Cubic",
                            "count": 1,
                            "custom_attributes": null
                        }
                    ]
                },
                {
                    "name": "Color",
                    "attribute_code": "m_color",
                    "position": 400,
                    "items": [
                        {
                            "label": "Black",
                            "value": "Black",
                            "count": 2,
                            "custom_attributes": null
                        }
                    ]
                },
                {
                    "name": "Defrosting",
                    "attribute_code": "m_defrosting",
                    "position": 400,
                    "items": [
                        {
                            "label": "Automatic Defrosting",
                            "value": "Automatic Defrosting",
                            "count": 1,
                            "custom_attributes": null
                        }
                    ]
                },
                {
                    "name": "Screen Size Group (inches)",
                    "attribute_code": "m_screen_size_group_inches",
                    "position": 400,
                    "items": [
                        {
                            "label": "44 - 55 inches",
                            "value": "44 - 55 inches",
                            "count": 110,
                            "custom_attributes": null
                        },
                        {
                            "label": "32 - 43 inches",
                            "value": "32 - 43 inches",
                            "count": 85,
                            "custom_attributes": null
                        },
                        {
                            "label": "56 - 65 inches",
                            "value": "56 - 65 inches",
                            "count": 56,
                            "custom_attributes": null
                        },
                        {
                            "label": "66 - 100 inches",
                            "value": "66 - 100 inches",
                            "count": 41,
                            "custom_attributes": null
                        },
                        {
                            "label": "14 - 31 inches",
                            "value": "14 - 31 inches",
                            "count": 10,
                            "custom_attributes": null
                        },
                        {
                            "label": "0 - 5.5 inches",
                            "value": "0 - 5.5 inches",
                            "count": 1,
                            "custom_attributes": null
                        }
                    ]
                },
                {
                    "name": "Screen Technology",
                    "attribute_code": "m_screen_technology",
                    "position": 400,
                    "items": [
                        {
                            "label": "4K",
                            "value": "4K",
                            "count": 99,
                            "custom_attributes": null
                        },
                        {
                            "label": "Others",
                            "value": "Others",
                            "count": 10,
                            "custom_attributes": null
                        },
                        {
                            "label": "NanoCell",
                            "value": "NanoCell",
                            "count": 1,
                            "custom_attributes": null
                        }
                    ]
                },
                {
                    "name": "Connecting Technology",
                    "attribute_code": "m_smart_tv_yn",
                    "position": 400,
                    "items": [
                        {
                            "label": "Smart",
                            "value": "Smart",
                            "count": 61,
                            "custom_attributes": null
                        },
                        {
                            "label": "Android",
                            "value": "Android",
                            "count": 46,
                            "custom_attributes": null
                        },
                        {
                            "label": "Non-Smart",
                            "value": "Non-Smart",
                            "count": 3,
                            "custom_attributes": null
                        }
                    ]
                },
                {
                    "name": "Wireless ",
                    "attribute_code": "m_wireless",
                    "position": 400,
                    "items": [
                        {
                            "label": "No",
                            "value": "No",
                            "count": 1,
                            "custom_attributes": null
                        }
                    ]
                },
                {
                    "name": "Seller",
                    "attribute_code": "marketplace_seller",
                    "position": 400,
                    "items": [
                        {
                            "label": "Topvalue Official",
                            "value": "2799",
                            "count": 1,
                            "custom_attributes": null
                        }
                    ]
                },
                {
                    "name": "Service",
                    "attribute_code": "shipping_methods",
                    "position": 400,
                    "items": [
                        {
                            "label": "Home Delivery",
                            "value": "pwb_hdl",
                            "count": 91,
                            "custom_attributes": null
                        },
                        {
                            "label": "Pickup in 1 Hour",
                            "value": "storepickup_ispu",
                            "count": 91,
                            "custom_attributes": null
                        },
                        {
                            "label": "Store Pickup - Click &amp; Collect",
                            "value": "storepickup_sts",
                            "count": 1,
                            "custom_attributes": null
                        }
                    ]
                },
                {
                    "name": "Product Rating Counter - five",
                    "attribute_code": "star_rating_five",
                    "position": 400,
                    "items": [
                        {
                            "label": "star_rating_five",
                            "value": "star_rating_five",
                            "count": 0,
                            "custom_attributes": null
                        }
                    ]
                },
                {
                    "name": "Product Rating Counter - four",
                    "attribute_code": "star_rating_four",
                    "position": 400,
                    "items": [
                        {
                            "label": "star_rating_four",
                            "value": "star_rating_four",
                            "count": 0,
                            "custom_attributes": null
                        }
                    ]
                },
                {
                    "name": "Product Rating Counter - one",
                    "attribute_code": "star_rating_one",
                    "position": 400,
                    "items": [
                        {
                            "label": "star_rating_one",
                            "value": "star_rating_one",
                            "count": 0,
                            "custom_attributes": null
                        }
                    ]
                },
                {
                    "name": "Product Rating Counter - three",
                    "attribute_code": "star_rating_three",
                    "position": 400,
                    "items": [
                        {
                            "label": "star_rating_three",
                            "value": "star_rating_three",
                            "count": 0,
                            "custom_attributes": null
                        }
                    ]
                },
                {
                    "name": "Product Rating Counter - two",
                    "attribute_code": "star_rating_two",
                    "position": 400,
                    "items": [
                        {
                            "label": "star_rating_two",
                            "value": "star_rating_two",
                            "count": 0,
                            "custom_attributes": null
                        }
                    ]
                }
            ],
            "products": [
                {
                    "id": "426324",
                    "name": "TV UHD LED (55\", 4K, Smart) UA55TU8000KXXT",
                    "visibility": 4,
                    "url_key": "samsung-ทีวี-บันเทิงภายในบ้าน-tv-uhd-led-55-4k-smart-ua55tu8000kxxt-260463",
                    "sku": "260463",
                    "status": 1,
                    "breadcrumbs": [
                        {
                            "category_id": "125470",
                            "level": 1,
                            "name": "TV &amp; Entertainment",
                            "url": "tv-and-entertainment"
                        },
                        {
                            "category_id": "125476",
                            "level": 2,
                            "name": "Televisions",
                            "url": "tv-and-entertainment/televisions"
                        },
                        {
                            "category_id": "125479",
                            "level": 3,
                            "name": "LED &amp; Nano Cell &amp; QLED",
                            "url": "tv-and-entertainment/televisions/led-tvs"
                        }
                    ],
                    "type_id": "simple",
                    "image": "/0/0/000260463-installation-1.jpg",
                    "small_image": "/0/0/000260463-installation-1.jpg",
                    "thumbnail": "/0/0/000260463_resize1.jpg",
                    "short_description": "&lt;div class=\"Row__Wrapper-v6uxgu-0 kSLyDU\"&gt;\r\n&lt;div class=\"Col__Column-sc-1619uro-0 iZGLSG\"&gt;\r\n&lt;ul&gt;\r\n&lt;li&gt;Picture system: UHD / 4K&lt;/li&gt;\r\n&lt;li&gt;RESOLUTION (PIXELS): 3840 x 2160&lt;/li&gt;\r\n&lt;li&gt;FEATURES: Internet TV, Smart TV, Web Browser, Digital TV.&lt;/li&gt;\r\n&lt;li&gt;HDR: YES&lt;/li&gt;\r\n&lt;li&gt;Port: USB 2, HDMI 3, COMPOSITE 1&lt;/li&gt;\r\n&lt;li&gt;Contrast Ratio: Mega Contrast&lt;/li&gt;\r\n&lt;li&gt;RESPONSE TIME (MS): 120&lt;/li&gt;\r\n&lt;li&gt;Screen size (inches): 55&lt;/li&gt;\r\n&lt;li&gt;Network: WIRELESS&lt;/li&gt;\r\n&lt;/ul&gt;\r\n&lt;/div&gt;\r\n&lt;/div&gt;",
                    "price": 19990,
                    "special_price": 12999,
                    "special_from_date": "2021-06-11T00:00:00",
                    "special_to_date": "2021-06-11T23:59:00",
                    "custom_attributes": {
                        "free_delivery": "0",
                        "show_badge": "0",
                        "free_installation": "1",
                        "model": "UA55TU8000KXXT",
                        "barcode": "8806090315244",
                        "click_collect": "0",
                        "shipping_methods": "storepickup_ispu,pwb_hdl",
                        "payment_methods": "e_ordering,p2c2p_ipp,fullpaymentredirect,p2c2p_123,payment_service_dolfin,payment_service_fullpayment,payment_service_installment",
                        "flash_deal_enable": "0",
                        "special_to_date": "2021-06-11 23:59:00",
                        "special_from_date": "2021-06-11 00:00:00"
                    },
                    "custom_attributes_option": {},
                    "media_gallery_entries": [
                        {
                            "file": "/0/0/000260463-installation-1.jpg",
                            "id": 842532,
                            "label": "LED TV 55\" SAMSUNG UHD SMART DTV UA55TU8000KXXT - Free Installation",
                            "media_type": "image",
                            "disabled": false,
                            "extension_attributes": null
                        },
                        {
                            "file": "/w/h/whxtfwb.jpg",
                            "id": 864806,
                            "label": null,
                            "media_type": "image",
                            "disabled": false,
                            "extension_attributes": null
                        },
                        {
                            "file": "/0/y/0yt2tzt.jpg",
                            "id": 864807,
                            "label": null,
                            "media_type": "image",
                            "disabled": false,
                            "extension_attributes": null
                        },
                        {
                            "file": "/0/j/0jlnshd.jpg",
                            "id": 864808,
                            "label": null,
                            "media_type": "image",
                            "disabled": false,
                            "extension_attributes": null
                        },
                        {
                            "file": "/p/x/pxe1qqu.jpeg",
                            "id": 864809,
                            "label": null,
                            "media_type": "image",
                            "disabled": false,
                            "extension_attributes": null
                        },
                        {
                            "file": "/z/s/zskdm53.jpg",
                            "id": 864810,
                            "label": null,
                            "media_type": "image",
                            "disabled": false,
                            "extension_attributes": null
                        },
                        {
                            "file": "/x/2/x2yhgbr.jpeg",
                            "id": 864811,
                            "label": null,
                            "media_type": "image",
                            "disabled": false,
                            "extension_attributes": null
                        },
                        {
                            "file": "/0/0/000260463_resize1.jpg",
                            "id": 842534,
                            "label": "LED TV 55\" SAMSUNG UHD SMART DTV UA55TU8000KXXT ",
                            "media_type": "image",
                            "disabled": false,
                            "extension_attributes": null
                        }
                    ],
                    "extension_attributes": {
                        "stock_item": {
                            "qty": 0,
                            "is_in_stock": false,
                            "min_sale_qty": 1,
                            "max_sale_qty": 1000
                        },
                        "t1c_redeemable_points": [
                            "103992"
                        ],
                        "installment_plans": [],
                        "overall_rating": {
                            "rating": 4.88,
                            "total_vote": 50,
                            "five_star": 44,
                            "four_star": 6,
                            "three_star": 0,
                            "two_star": 0,
                            "one_star": 0,
                            "rounded_rating": 0
                        },
                        "salable": false,
                        "ispu_salable": true,
                        "category_paths": [],
                        "overlays": [],
                        "configurable_product_links": null,
                        "flash_sale_price": []
                    }
                },
                {
                    "id": "438996",
                    "name": "TV UHD LED (55\", 4K, Smart, Curved) UA55TU8300KXXT",
                    "visibility": 4,
                    "url_key": "samsung-led-tv-55-samsung-uhd-smart-dtv-curve-ua55tu8300kxxt-263085",
                    "sku": "263085",
                    "status": 1,
                    "breadcrumbs": [
                        {
                            "category_id": "125470",
                            "level": 1,
                            "name": "TV &amp; Entertainment",
                            "url": "tv-and-entertainment"
                        },
                        {
                            "category_id": "125476",
                            "level": 2,
                            "name": "Televisions",
                            "url": "tv-and-entertainment/televisions"
                        },
                        {
                            "category_id": "125479",
                            "level": 3,
                            "name": "LED &amp; Nano Cell &amp; QLED",
                            "url": "tv-and-entertainment/televisions/led-tvs"
                        }
                    ],
                    "type_id": "simple",
                    "image": "/0/0/000263085_side_2.jpg",
                    "small_image": "/0/0/000263085_side_2.jpg",
                    "thumbnail": "/0/0/000263085_side.jpg",
                    "short_description": "&lt;ul&gt;\r\n&lt;li&gt;&lt;span&gt;Picture system: UHD / 4K&lt;/span&gt;&lt;/li&gt;\r\n&lt;li&gt;&lt;span&gt;Resolution (Pixels): 3840 x 2160&lt;/span&gt;&lt;/li&gt;\r\n&lt;li&gt;&lt;span&gt;Features: Internet TV, Smart TV, Digital TV&lt;/span&gt;&lt;/li&gt;\r\n&lt;li&gt;&lt;span&gt;HDR: Yes&lt;/span&gt;&lt;/li&gt;\r\n&lt;li&gt;&lt;span&gt;Connectors: USB x 2, HDMI x 3&lt;/span&gt;&lt;/li&gt;\r\n&lt;li&gt;&lt;span&gt;Dimensions including stand (cm.): 123.60 x 79.11 x 26.39&lt;/span&gt;&lt;/li&gt;\r\n&lt;li&gt;&lt;span&gt;Dimensions without stand (cm.): 123.60 x 71.42 x 10.40&lt;/span&gt;&lt;/li&gt;\r\n&lt;li&gt;&lt;span&gt;Contrast Ratio: Mega Contrast&lt;/span&gt;&lt;/li&gt;\r\n&lt;li&gt;&lt;span&gt;Response Time (ms): 100&lt;/span&gt;&lt;/li&gt;\r\n&lt;li&gt;&lt;span&gt;Weight (kg): 17.8&lt;/span&gt;&lt;/li&gt;\r\n&lt;li&gt;&lt;span&gt;Size (Inch): 55&lt;/span&gt;&lt;/li&gt;\r\n&lt;li&gt;&lt;span&gt;Network: Wireless&lt;/span&gt;&lt;/li&gt;\r\n&lt;li&gt;&lt;span&gt;Other Crystal Processor 4K&lt;/span&gt;&lt;/li&gt;\r\n&lt;/ul&gt;",
                    "price": 20990,
                    "special_price": 14789,
                    "special_from_date": "2021-06-11T00:00:00",
                    "special_to_date": "2021-06-11T23:59:00",
                    "custom_attributes": {
                        "free_delivery": "0",
                        "show_badge": "0",
                        "free_installation": "1",
                        "product_tags": "SAMSUNG, TV, UHD, LED, 4K ",
                        "related_to": "Smart TV, Curved screen, Digital TV",
                        "home_branch": "B",
                        "model": "UA55TU8300KXXT",
                        "barcode": "8806090653223",
                        "click_collect": "0",
                        "shipping_methods": "storepickup_ispu,pwb_hdl",
                        "payment_methods": "p2c2p_ipp,fullpaymentredirect,p2c2p_123,e_ordering,payment_service_dolfin,payment_service_fullpayment,payment_service_installment",
                        "flash_deal_enable": "0",
                        "special_to_date": "2021-06-11 23:59:00",
                        "special_from_date": "2021-06-11 00:00:00"
                    },
                    "custom_attributes_option": {},
                    "media_gallery_entries": [
                        {
                            "file": "/0/0/000263085_side_2.jpg",
                            "id": 850196,
                            "label": "LED TV 55\" SAMSUNG UHD SMART DTV UA55TU8300KXXT",
                            "media_type": "image",
                            "disabled": false,
                            "extension_attributes": null
                        },
                        {
                            "file": "/1/6/1604998937241.jpg",
                            "id": 850197,
                            "label": " LED TV 55\" SAMSUNG UHD SMART DTV UA55TU8300KXXT - Front",
                            "media_type": "image",
                            "disabled": false,
                            "extension_attributes": null
                        },
                        {
                            "file": "/0/0/000263085_-_3_year.jpg",
                            "id": 850198,
                            "label": null,
                            "media_type": "image",
                            "disabled": true,
                            "extension_attributes": null
                        },
                        {
                            "file": "/1/6/1604998934854.jpg",
                            "id": 850199,
                            "label": " LED TV 55\" SAMSUNG UHD SMART DTV UA55TU8300KXXT - Left",
                            "media_type": "image",
                            "disabled": false,
                            "extension_attributes": null
                        },
                        {
                            "file": "/1/6/1604998934675.jpg",
                            "id": 850200,
                            "label": " LED TV 55\" SAMSUNG UHD SMART DTV UA55TU8300KXXT - Right",
                            "media_type": "image",
                            "disabled": false,
                            "extension_attributes": null
                        },
                        {
                            "file": "/0/0/000263085_side.jpg",
                            "id": 850201,
                            "label": "LED TV 55\" SAMSUNG UHD SMART DTV UA55TU8300KXXT_2",
                            "media_type": "image",
                            "disabled": false,
                            "extension_attributes": null
                        },
                        {
                            "file": "/1/6/1604998932264.jpg",
                            "id": 850202,
                            "label": " LED TV 55\" SAMSUNG UHD SMART DTV UA55TU8300KXXT - Back",
                            "media_type": "image",
                            "disabled": false,
                            "extension_attributes": null
                        }
                    ],
                    "extension_attributes": {
                        "stock_item": {
                            "qty": 48,
                            "is_in_stock": true,
                            "min_sale_qty": 1,
                            "max_sale_qty": 1000
                        },
                        "t1c_redeemable_points": [
                            "118312"
                        ],
                        "installment_plans": [],
                        "overall_rating": {
                            "rating": 5,
                            "total_vote": 17,
                            "five_star": 17,
                            "four_star": 0,
                            "three_star": 0,
                            "two_star": 0,
                            "one_star": 0,
                            "rounded_rating": 0
                        },
                        "salable": true,
                        "ispu_salable": true,
                        "category_paths": [],
                        "overlays": [],
                        "configurable_product_links": null,
                        "flash_sale_price": []
                    }
                },
                {
                    "id": "403985",
                    "name": "TV UHD LED (55\", 4K, Smart) UA55TU7000KXXT",
                    "visibility": 4,
                    "url_key": "samsung-led-tv-55-samsung-uhd-smart-dtv-ua55tu7000kxxt-256796",
                    "sku": "256796",
                    "status": 1,
                    "breadcrumbs": [
                        {
                            "category_id": "125470",
                            "level": 1,
                            "name": "TV &amp; Entertainment",
                            "url": "tv-and-entertainment"
                        },
                        {
                            "category_id": "125476",
                            "level": 2,
                            "name": "Televisions",
                            "url": "tv-and-entertainment/televisions"
                        },
                        {
                            "category_id": "125479",
                            "level": 3,
                            "name": "LED &amp; Nano Cell &amp; QLED",
                            "url": "tv-and-entertainment/televisions/led-tvs"
                        }
                    ],
                    "type_id": "simple",
                    "image": "/p/w/pwb000256796-free_install.jpg",
                    "small_image": "/p/w/pwb000256796-free_install.jpg",
                    "thumbnail": "/p/w/pwb000256796.jpg",
                    "short_description": "&lt;ul&gt;\r\n&lt;li&gt;Picture system: UHD / 4K&lt;/li&gt;\r\n&lt;li&gt;RESOLUTION (PIXELS): 3840 x 2160&lt;/li&gt;\r\n&lt;li&gt;FEATURES: Internet TV, Smart TV, Web Browser, Digital TV&lt;/li&gt;\r\n&lt;li&gt;HDR: YES&lt;/li&gt;\r\n&lt;li&gt;Port: (USB), USB 2, HDMI 3, COMPOSITE 1&lt;/li&gt;\r\n&lt;li&gt;Contrast Ratio: Mega Contrast&lt;/li&gt;\r\n&lt;li&gt;RESPONSE TIME (MS): 100&lt;/li&gt;\r\n&lt;li&gt;Screen size (inches): 55&lt;/li&gt;\r\n&lt;li&gt;Network: WIRELESS&lt;/li&gt;\r\n&lt;/ul&gt;",
                    "price": 16990,
                    "special_price": 15699,
                    "special_from_date": "2021-06-11T00:00:00",
                    "special_to_date": "2021-06-11T23:59:00",
                    "custom_attributes": {
                        "free_delivery": "0",
                        "show_badge": "0",
                        "free_installation": "1",
                        "home_branch": "B",
                        "model": "UA55TU7000KXXT",
                        "barcode": "8806090315237",
                        "click_collect": "0",
                        "shipping_methods": "storepickup_ispu,pwb_hdl",
                        "payment_methods": "p2c2p_ipp,fullpaymentredirect,p2c2p_123,e_ordering,payment_service_dolfin,payment_service_fullpayment,payment_service_installment",
                        "flash_deal_enable": "0",
                        "special_to_date": "2021-06-11 23:59:00",
                        "special_from_date": "2021-06-11 00:00:00"
                    },
                    "custom_attributes_option": {},
                    "media_gallery_entries": [
                        {
                            "file": "/p/w/pwb000256796-free_install.jpg",
                            "id": 872780,
                            "label": "LED TV 55\" SAMSUNG UHD SMART DTV UA55TU7000KXXT - Free Installation",
                            "media_type": "image",
                            "disabled": false,
                            "extension_attributes": null
                        },
                        {
                            "file": "/2/5/256796_6_.jpg",
                            "id": 872781,
                            "label": "SAMSUNG UHD SMART DTV UA55TU7000KXXT -4",
                            "media_type": "image",
                            "disabled": false,
                            "extension_attributes": null
                        },
                        {
                            "file": "/2/5/256796_7_.jpg",
                            "id": 872782,
                            "label": "SAMSUNG UHD SMART DTV UA55TU7000KXXT -5",
                            "media_type": "image",
                            "disabled": false,
                            "extension_attributes": null
                        },
                        {
                            "file": "/2/5/256796_2_.jpg",
                            "id": 872783,
                            "label": "SAMSUNG UHD SMART DTV UA55TU7000KXXT -6",
                            "media_type": "image",
                            "disabled": false,
                            "extension_attributes": null
                        },
                        {
                            "file": "/2/5/256796_3_.jpg",
                            "id": 872784,
                            "label": "SAMSUNG UHD SMART DTV UA55TU7000KXXT -7",
                            "media_type": "image",
                            "disabled": false,
                            "extension_attributes": null
                        },
                        {
                            "file": "/2/5/256796_4_.jpg",
                            "id": 872785,
                            "label": "SAMSUNG UHD SMART DTV UA55TU7000KXXT -8",
                            "media_type": "image",
                            "disabled": false,
                            "extension_attributes": null
                        },
                        {
                            "file": "/2/5/256796_5_.jpg",
                            "id": 872786,
                            "label": "SAMSUNG UHD SMART DTV UA55TU7000KXXT -9",
                            "media_type": "image",
                            "disabled": false,
                            "extension_attributes": null
                        },
                        {
                            "file": "/p/w/pwb000256796.jpg",
                            "id": 872787,
                            "label": "SAMSUNG UHD SMART DTV UA55TU7000KXXT",
                            "media_type": "image",
                            "disabled": false,
                            "extension_attributes": null
                        }
                    ],
                    "extension_attributes": {
                        "stock_item": {
                            "qty": 0,
                            "is_in_stock": false,
                            "min_sale_qty": 1,
                            "max_sale_qty": 1000
                        },
                        "t1c_redeemable_points": [
                            "125592"
                        ],
                        "installment_plans": [],
                        "overall_rating": {
                            "rating": 4.5675675675676,
                            "total_vote": 37,
                            "five_star": 25,
                            "four_star": 10,
                            "three_star": 1,
                            "two_star": 0,
                            "one_star": 1,
                            "rounded_rating": 0
                        },
                        "salable": false,
                        "ispu_salable": true,
                        "category_paths": [],
                        "overlays": [],
                        "configurable_product_links": null,
                        "flash_sale_price": []
                    }
                },
                {
                    "id": "403967",
                    "name": "TV UHD LED (55\", 4K, Smart) UA55TU8100KXXT",
                    "visibility": 4,
                    "url_key": "samsung-led-tv-55-samsung-uhd-smart-dtv-ua55tu8100kxxt-256784",
                    "sku": "256784",
                    "status": 1,
                    "breadcrumbs": [
                        {
                            "category_id": "125470",
                            "level": 1,
                            "name": "TV &amp; Entertainment",
                            "url": "tv-and-entertainment"
                        },
                        {
                            "category_id": "125476",
                            "level": 2,
                            "name": "Televisions",
                            "url": "tv-and-entertainment/televisions"
                        },
                        {
                            "category_id": "125479",
                            "level": 3,
                            "name": "LED &amp; Nano Cell &amp; QLED",
                            "url": "tv-and-entertainment/televisions/led-tvs"
                        }
                    ],
                    "type_id": "simple",
                    "image": "/p/w/pwb000256784-install.jpg",
                    "small_image": "/p/w/pwb000256784-install.jpg",
                    "thumbnail": "/p/w/pwb000256784.jpg",
                    "short_description": "&lt;ul&gt;\r\n&lt;li&gt;Screen Technology: UHD / 4K&lt;/li&gt;\r\n&lt;li&gt;RESOLUTION (PIXELS): 3840 x 2160&lt;/li&gt;\r\n&lt;li&gt;FEATURES: Internet TV, Smart TV, Web Browser, Digital TV&lt;/li&gt;\r\n&lt;li&gt;HDR: YES&lt;/li&gt;\r\n&lt;li&gt;Port : (USB), USB 2, HDMI 3, COMPOSITE 1&lt;/li&gt;\r\n&lt;li&gt;Contrast Ratio: Mega Contrast&lt;/li&gt;\r\n&lt;li&gt;RESPONSE TIME (MS): 120&lt;/li&gt;\r\n&lt;li&gt;Screen size (inches): 55&lt;/li&gt;\r\n&lt;li&gt;Network: WIRELESS&lt;/li&gt;\r\n&lt;/ul&gt;",
                    "price": 19990,
                    "special_price": 18479,
                    "special_from_date": "2021-06-11T00:00:00",
                    "special_to_date": "2021-06-11T23:59:00",
                    "custom_attributes": {
                        "free_delivery": "0",
                        "show_badge": "0",
                        "free_installation": "1",
                        "product_tags": "Samsung,Internet, Smart ,Web Browser, Digital",
                        "related_to": "HDR,TV,Television",
                        "home_branch": "B",
                        "model": "UA55TU8100KXXT",
                        "barcode": "8806090342899",
                        "click_collect": "0",
                        "shipping_methods": "storepickup_ispu,pwb_hdl",
                        "payment_methods": "p2c2p_ipp,fullpaymentredirect,p2c2p_123,e_ordering,payment_service_dolfin,payment_service_fullpayment,payment_service_installment",
                        "flash_deal_enable": "0",
                        "special_to_date": "2021-06-11 23:59:00",
                        "special_from_date": "2021-06-11 00:00:00"
                    },
                    "custom_attributes_option": {},
                    "media_gallery_entries": [
                        {
                            "file": "/p/w/pwb000256784-install.jpg",
                            "id": 790644,
                            "label": "LED TV 55\" SAMSUNG UHD SMART DTV UA55TU8100KXXT Free Installation",
                            "media_type": "image",
                            "disabled": false,
                            "extension_attributes": null
                        },
                        {
                            "file": "/p/w/pwb000256784.jpg",
                            "id": 790646,
                            "label": "LED TV 55\" SAMSUNG UHD SMART DTV UA55TU8100KXXT",
                            "media_type": "image",
                            "disabled": false,
                            "extension_attributes": null
                        },
                        {
                            "file": "/2/5/256784_6_.jpg",
                            "id": 790647,
                            "label": "SAMSUNG UHD SMART DTV UA55TU8100KXXT -2",
                            "media_type": "image",
                            "disabled": false,
                            "extension_attributes": null
                        },
                        {
                            "file": "/2/5/256784_7_.jpg",
                            "id": 790648,
                            "label": "SAMSUNG UHD SMART DTV UA55TU8100KXXT -3",
                            "media_type": "image",
                            "disabled": false,
                            "extension_attributes": null
                        },
                        {
                            "file": "/2/5/256784_2_.jpg",
                            "id": 790649,
                            "label": "SAMSUNG UHD SMART DTV UA55TU8100KXXT -4",
                            "media_type": "image",
                            "disabled": false,
                            "extension_attributes": null
                        },
                        {
                            "file": "/2/5/256784_3_.jpg",
                            "id": 790650,
                            "label": "SAMSUNG UHD SMART DTV UA55TU8100KXXT -5",
                            "media_type": "image",
                            "disabled": false,
                            "extension_attributes": null
                        },
                        {
                            "file": "/2/5/256784_4_.jpg",
                            "id": 790651,
                            "label": "SAMSUNG UHD SMART DTV UA55TU8100KXXT -6",
                            "media_type": "image",
                            "disabled": false,
                            "extension_attributes": null
                        },
                        {
                            "file": "/2/5/256784_5_.jpg",
                            "id": 790652,
                            "label": "SAMSUNG UHD SMART DTV UA55TU8100KXXT -7",
                            "media_type": "image",
                            "disabled": false,
                            "extension_attributes": null
                        }
                    ],
                    "extension_attributes": {
                        "stock_item": {
                            "qty": 0,
                            "is_in_stock": false,
                            "min_sale_qty": 1,
                            "max_sale_qty": 1000
                        },
                        "t1c_redeemable_points": [
                            "147832"
                        ],
                        "installment_plans": [],
                        "overall_rating": {
                            "rating": 4.9333333333333,
                            "total_vote": 15,
                            "five_star": 14,
                            "four_star": 1,
                            "three_star": 0,
                            "two_star": 0,
                            "one_star": 0,
                            "rounded_rating": 0
                        },
                        "salable": false,
                        "ispu_salable": true,
                        "category_paths": [],
                        "overlays": [],
                        "configurable_product_links": null,
                        "flash_sale_price": []
                    }
                },
                {
                    "id": "404003",
                    "name": "TV UHD QLED (55\", 4K, Smart) QA55Q60TAKXXT",
                    "visibility": 4,
                    "url_key": "samsung-qled-tv-55-samsung-uhd-smart-dtv-qa55q60takxxt-256748",
                    "sku": "256748",
                    "status": 1,
                    "breadcrumbs": [
                        {
                            "category_id": "125470",
                            "level": 1,
                            "name": "TV &amp; Entertainment",
                            "url": "tv-and-entertainment"
                        },
                        {
                            "category_id": "125476",
                            "level": 2,
                            "name": "Televisions",
                            "url": "tv-and-entertainment/televisions"
                        },
                        {
                            "category_id": "125479",
                            "level": 3,
                            "name": "LED &amp; Nano Cell &amp; QLED",
                            "url": "tv-and-entertainment/televisions/led-tvs"
                        }
                    ],
                    "type_id": "simple",
                    "image": "/p/w/pwb0000256816_thumbnail.jpg",
                    "small_image": "/p/w/pwb0000256816_thumbnail.jpg",
                    "thumbnail": "/2/5/256748_1__1.jpg",
                    "short_description": "&lt;ul&gt;\r\n&lt;li&gt;Picture system: UHD / 4K&lt;/li&gt;\r\n&lt;li&gt;RESOLUTION (PIXELS): 3840 x 2160&lt;/li&gt;\r\n&lt;li&gt;Screen characteristics: FLAT&lt;/li&gt;\r\n&lt;li&gt;FEATURES: Internet TV, Smart TV, Web Browser, Digital TV&lt;/li&gt;\r\n&lt;li&gt;HDR: YES&lt;/li&gt;\r\n&lt;li&gt;SLOT CARD connector (USB), USB 2, HDMI 3, COMPOSITE 1&lt;/li&gt;\r\n&lt;li&gt;Machine size (cm): 70.50 x 123.00 x 5.70&lt;/li&gt;\r\n&lt;li&gt;Contrast Ratio: Mega Contrast&lt;/li&gt;\r\n&lt;li&gt;RESPONSE TIME (MS): 100&lt;/li&gt;\r\n&lt;li&gt;Weight (kg): 16&lt;/li&gt;\r\n&lt;li&gt;Screen size (inches): 55&lt;/li&gt;\r\n&lt;li&gt;Machine size (including stand): 79.30 x 123.00 x 34.00&lt;/li&gt;\r\n&lt;li&gt;Network: WIRELESS&lt;/li&gt;\r\n&lt;/ul&gt;",
                    "price": 29990,
                    "special_price": 27669,
                    "special_from_date": "2021-06-11T00:00:00",
                    "special_to_date": "2021-06-11T23:59:00",
                    "custom_attributes": {
                        "free_delivery": "0",
                        "show_badge": "0",
                        "free_installation": "1",
                        "product_tags": "TV UHD, QLED TV, QA55Q60TAKXXT",
                        "related_to": "Samsung, 4K TV, Smart TV",
                        "home_branch": "B",
                        "model": "QA55Q60TAKXXT",
                        "barcode": "8806090314476",
                        "click_collect": "0",
                        "shipping_methods": "storepickup_ispu,pwb_hdl",
                        "payment_methods": "p2c2p_ipp,fullpaymentredirect,p2c2p_123,e_ordering,payment_service_dolfin,payment_service_fullpayment",
                        "flash_deal_enable": "0",
                        "special_to_date": "2021-06-11 23:59:00",
                        "special_from_date": "2021-06-11 00:00:00"
                    },
                    "custom_attributes_option": {},
                    "media_gallery_entries": [
                        {
                            "file": "/p/w/pwb0000256816_thumbnail.jpg",
                            "id": 877531,
                            "label": null,
                            "media_type": "image",
                            "disabled": false,
                            "extension_attributes": null
                        },
                        {
                            "file": "/2/5/256748_3__1.jpg",
                            "id": 877532,
                            "label": null,
                            "media_type": "image",
                            "disabled": false,
                            "extension_attributes": null
                        },
                        {
                            "file": "/2/5/256748_9_.jpg",
                            "id": 877533,
                            "label": null,
                            "media_type": "image",
                            "disabled": false,
                            "extension_attributes": null
                        },
                        {
                            "file": "/2/5/256748_5__1.jpg",
                            "id": 877534,
                            "label": null,
                            "media_type": "image",
                            "disabled": false,
                            "extension_attributes": null
                        },
                        {
                            "file": "/2/5/256748_6__1.jpg",
                            "id": 877535,
                            "label": null,
                            "media_type": "image",
                            "disabled": false,
                            "extension_attributes": null
                        },
                        {
                            "file": "/2/5/256748_8_.jpg",
                            "id": 877536,
                            "label": null,
                            "media_type": "image",
[...]
<msg timestamp="20210611 14:28:56.557" level="INFO">${text} = TV THE SERIF UHD QLED (43", 4K, Smart) QA43LS01TAKXXT</msg>
<status status="PASS" starttime="20210611 14:28:52.816" endtime="20210611 14:28:56.557"></status>
</kw>
<kw name="Check product name and add to cart" library="detailed_product_page">
<arguments>
<arg>${text}</arg>
</arguments>
<kw name="Get text and compare value" library="common_keywords">
<arguments>
<arg>${dictDetailedProductPage.product_name}</arg>
<arg>${product_name}</arg>
</arguments>
<assign>
<var>${result}</var>
</assign>
<kw name="Get Text Element" library="common_keywords">
<arguments>
<arg>${locator}</arg>
</arguments>
<assign>
<var>${text}</var>
</assign>
<kw name="Wait Until Element Is Visible" library="SeleniumLibrary">
<doc>Waits until the element ``locator`` is visible.</doc>
<arguments>
<arg>${locator}</arg>
<arg>timeout=${timeout}</arg>
</arguments>
<status status="PASS" starttime="20210611 14:28:56.558" endtime="20210611 14:28:59.258"></status>
</kw>
<kw name="Get Text" library="SeleniumLibrary">
<doc>Returns the text value of the element identified by ``locator``.</doc>
<arguments>
<arg>${locator}</arg>
</arguments>
<assign>
<var>${text}</var>
</assign>
<msg timestamp="20210611 14:28:59.488" level="INFO">${text} = TV THE SERIF UHD QLED (43", 4K, Smart) QA43LS01TAKXXT</msg>
<status status="PASS" starttime="20210611 14:28:59.259" endtime="20210611 14:28:59.488"></status>
</kw>
<kw name="Return From Keyword" library="BuiltIn">
<doc>Returns from the enclosing user keyword.</doc>
<arguments>
<arg>${text}</arg>
</arguments>
<msg timestamp="20210611 14:28:59.488" level="INFO">Returning from the enclosing user keyword.</msg>
<status status="PASS" starttime="20210611 14:28:59.488" endtime="20210611 14:28:59.488"></status>
</kw>
<msg timestamp="20210611 14:28:59.488" level="INFO">${text} = TV THE SERIF UHD QLED (43", 4K, Smart) QA43LS01TAKXXT</msg>
<status status="PASS" starttime="20210611 14:28:56.557" endtime="20210611 14:28:59.488"></status>
</kw>
<kw name="Return From Keyword If" library="BuiltIn">
<doc>Returns from the enclosing user keyword if ``condition`` is true.</doc>
<arguments>
<arg>'${text}' == '${text_value}'</arg>
<arg>${true}</arg>
</arguments>
<msg timestamp="20210611 14:28:59.489" level="INFO">Returning from the enclosing user keyword.</msg>
<status status="PASS" starttime="20210611 14:28:59.489" endtime="20210611 14:28:59.489"></status>
</kw>
<msg timestamp="20210611 14:28:59.489" level="INFO">${result} = True</msg>
<status status="PASS" starttime="20210611 14:28:56.557" endtime="20210611 14:28:59.489"></status>
</kw>
<kw name="Run Keyword If" library="BuiltIn">
<doc>Runs the given keyword with the given arguments, if ``condition`` is true.</doc>
<arguments>
<arg>${result}==${true}</arg>
<arg>common_keywords.Click Element</arg>
<arg>${dictDetailedProductPage.product_add_cart_btn}</arg>
<arg>ELSE</arg>
<arg>BuiltIn.Fail</arg>
<arg>Not same the expected product, refuse!</arg>
</arguments>
<kw name="Click Element" library="common_keywords">
<arguments>
<arg>${dictDetailedProductPage.product_add_cart_btn}</arg>
</arguments>
<kw name="Wait Until Element Is Visible" library="SeleniumLibrary">
<doc>Waits until the element ``locator`` is visible.</doc>
<arguments>
<arg>${locator}</arg>
<arg>timeout=${timeout}</arg>
</arguments>
<status status="PASS" starttime="20210611 14:28:59.490" endtime="20210611 14:28:59.709"></status>
</kw>
<kw name="Click Element" library="SeleniumLibrary">
<doc>Click the element identified by ``locator``.</doc>
<arguments>
<arg>${locator}</arg>
</arguments>
<msg timestamp="20210611 14:28:59.710" level="INFO">Clicking element 'css=div[class='ProductSummary__StickyBarView-ccTufv bHNIjO'] * button'.</msg>
<status status="PASS" starttime="20210611 14:28:59.709" endtime="20210611 14:28:59.973"></status>
</kw>
<status status="PASS" starttime="20210611 14:28:59.489" endtime="20210611 14:28:59.974"></status>
</kw>
<status status="PASS" starttime="20210611 14:28:59.489" endtime="20210611 14:28:59.974"></status>
</kw>
<status status="PASS" starttime="20210611 14:28:56.557" endtime="20210611 14:28:59.974"></status>
</kw>
<msg timestamp="20210611 14:28:59.974" level="INFO">${product_name2} = TV THE SERIF UHD QLED (43", 4K, Smart) QA43LS01TAKXXT</msg>
<status status="PASS" starttime="20210611 14:28:44.465" endtime="20210611 14:28:59.974"></status>
</kw>
<kw name="Check quantity and click to shopping cart" library="common_keywords">
<kw name="Get Text Element" library="common_keywords">
<arguments>
<arg>${dictCommonPage.shopping_cart_number}</arg>
</arguments>
<assign>
<var>${text}</var>
</assign>
<kw name="Wait Until Element Is Visible" library="SeleniumLibrary">
<doc>Waits until the element ``locator`` is visible.</doc>
<arguments>
<arg>${locator}</arg>
<arg>timeout=${timeout}</arg>
</arguments>
<status status="PASS" starttime="20210611 14:28:59.975" endtime="20210611 14:29:00.203"></status>
</kw>
<kw name="Get Text" library="SeleniumLibrary">
<doc>Returns the text value of the element identified by ``locator``.</doc>
<arguments>
<arg>${locator}</arg>
</arguments>
<assign>
<var>${text}</var>
</assign>
<msg timestamp="20210611 14:29:00.422" level="INFO">${text} = 1</msg>
<status status="PASS" starttime="20210611 14:29:00.203" endtime="20210611 14:29:00.423"></status>
</kw>
<kw name="Return From Keyword" library="BuiltIn">
<doc>Returns from the enclosing user keyword.</doc>
<arguments>
<arg>${text}</arg>
</arguments>
<msg timestamp="20210611 14:29:00.423" level="INFO">Returning from the enclosing user keyword.</msg>
<status status="PASS" starttime="20210611 14:29:00.423" endtime="20210611 14:29:00.423"></status>
</kw>
<msg timestamp="20210611 14:29:00.423" level="INFO">${text} = 1</msg>
<status status="PASS" starttime="20210611 14:28:59.974" endtime="20210611 14:29:00.423"></status>
</kw>
<kw name="Log" library="BuiltIn">
<doc>Logs the given message with the given level.</doc>
<arguments>
<arg>Number of product right now in shopping cart is ${text}</arg>
</arguments>
<msg timestamp="20210611 14:29:00.424" level="INFO">Number of product right now in shopping cart is 1</msg>
<status status="PASS" starttime="20210611 14:29:00.423" endtime="20210611 14:29:00.424"></status>
</kw>
<kw name="Click Element" library="common_keywords">
<arguments>
<arg>${dictCommonPage.shopping_cart_icon}</arg>
</arguments>
<kw name="Wait Until Element Is Visible" library="SeleniumLibrary">
<doc>Waits until the element ``locator`` is visible.</doc>
<arguments>
<arg>${locator}</arg>
<arg>timeout=${timeout}</arg>
</arguments>
<status status="PASS" starttime="20210611 14:29:00.424" endtime="20210611 14:29:00.641"></status>
</kw>
<kw name="Click Element" library="SeleniumLibrary">
<doc>Click the element identified by ``locator``.</doc>
<arguments>
<arg>${locator}</arg>
</arguments>
<msg timestamp="20210611 14:29:00.642" level="INFO">Clicking element 'css=div[class='MainHeader__MiniCartContainer-cOzool KbPez'] a[id=btn-openMiniCart]'.</msg>
<status status="PASS" starttime="20210611 14:29:00.641" endtime="20210611 14:29:01.199"></status>
</kw>
<status status="PASS" starttime="20210611 14:29:00.424" endtime="20210611 14:29:01.200"></status>
</kw>
<status status="PASS" starttime="20210611 14:28:59.974" endtime="20210611 14:29:01.200"></status>
</kw>
<kw name="Check product exist on cart" library="shopping_cart_page">
<arguments>
<arg>${product_name1}</arg>
</arguments>
<assign>
<var>${result1}</var>
</assign>
<kw name="Format String" library="String">
<doc>Formats a ``template`` using the given ``positional`` and ``named`` arguments.</doc>
<arguments>
<arg>${dictShoppingCartPage.product_name}</arg>
<arg>prd_name=${product_name}</arg>
</arguments>
<assign>
<var>${name_locator}</var>
</assign>
<msg timestamp="20210611 14:29:01.201" level="INFO">${name_locator} = css=[class='CartItems__CartItemsContainer-jDoZuM gtvBSj'] [data-product-name = 'TV UHD LED (55", 4K, Smart, Curved) UA55TU8300KXXT'] [class='MultipleLineClamp__ProductCutoffDot-jCGKBO fMOIos']</msg>
<status status="PASS" starttime="20210611 14:29:01.201" endtime="20210611 14:29:01.201"></status>
</kw>
<kw name="Format String" library="String">
<doc>Formats a ``template`` using the given ``positional`` and ``named`` arguments.</doc>
<arguments>
<arg>${dictShoppingCartPage.product_quantity}</arg>
<arg>prd_name=${product_name}</arg>
</arguments>
<assign>
<var>${quantity_locator}</var>
</assign>
<msg timestamp="20210611 14:29:01.202" level="INFO">${quantity_locator} = css=[class='CartItems__CartItemsContainer-jDoZuM gtvBSj'] [data-product-name = 'TV UHD LED (55", 4K, Smart, Curved) UA55TU8300KXXT'] [class='Form__FormInput-vd2hnz-0 fQuEjW']</msg>
<status status="PASS" starttime="20210611 14:29:01.201" endtime="20210611 14:29:01.202"></status>
</kw>
<kw name="Get text and search value" library="common_keywords">
<arguments>
<arg>${name_locator}</arg>
<arg>${product_name}</arg>
</arguments>
<assign>
<var>${result}</var>
</assign>
<kw name="Get Text Element" library="common_keywords">
<arguments>
<arg>${locator}</arg>
</arguments>
<assign>
<var>${text}</var>
</assign>
<kw name="Wait Until Element Is Visible" library="SeleniumLibrary">
<doc>Waits until the element ``locator`` is visible.</doc>
<arguments>
<arg>${locator}</arg>
<arg>timeout=${timeout}</arg>
</arguments>
<status status="PASS" starttime="20210611 14:29:01.203" endtime="20210611 14:29:02.224"></status>
</kw>
<kw name="Get Text" library="SeleniumLibrary">
<doc>Returns the text value of the element identified by ``locator``.</doc>
<arguments>
<arg>${locator}</arg>
</arguments>
<assign>
<var>${text}</var>
</assign>
<msg timestamp="20210611 14:29:02.442" level="INFO">${text} = SAMSUNGTV UHD LED (55", 4K, Smart, Curved) UA55TU8300KXXT</msg>
<status status="PASS" starttime="20210611 14:29:02.224" endtime="20210611 14:29:02.442"></status>
</kw>
<kw name="Return From Keyword" library="BuiltIn">
<doc>Returns from the enclosing user keyword.</doc>
<arguments>
<arg>${text}</arg>
</arguments>
<msg timestamp="20210611 14:29:02.442" level="INFO">Returning from the enclosing user keyword.</msg>
<status status="PASS" starttime="20210611 14:29:02.442" endtime="20210611 14:29:02.443"></status>
</kw>
<msg timestamp="20210611 14:29:02.443" level="INFO">${text} = SAMSUNGTV UHD LED (55", 4K, Smart, Curved) UA55TU8300KXXT</msg>
<status status="PASS" starttime="20210611 14:29:01.202" endtime="20210611 14:29:02.443"></status>
</kw>
<kw name="Run Keyword And Return Status" library="BuiltIn">
<doc>Runs the given keyword with given arguments and returns the status as a Boolean value.</doc>
<arguments>
<arg>BuiltIn.Should Contain</arg>
<arg>${text}</arg>
<arg>${text_value}</arg>
</arguments>
<assign>
<var>${status}</var>
</assign>
<kw name="Should Contain" library="BuiltIn">
<doc>Fails if ``container`` does not contain ``item`` one or more times.</doc>
<arguments>
<arg>${text}</arg>
<arg>${text_value}</arg>
</arguments>
<status status="PASS" starttime="20210611 14:29:02.443" endtime="20210611 14:29:02.443"></status>
</kw>
<msg timestamp="20210611 14:29:02.444" level="INFO">${status} = True</msg>
<status status="PASS" starttime="20210611 14:29:02.443" endtime="20210611 14:29:02.444"></status>
</kw>
<kw name="Return From Keyword" library="BuiltIn">
<doc>Returns from the enclosing user keyword.</doc>
<arguments>
<arg>${status}</arg>
</arguments>
<msg timestamp="20210611 14:29:02.444" level="INFO">Returning from the enclosing user keyword.</msg>
<status status="PASS" starttime="20210611 14:29:02.444" endtime="20210611 14:29:02.444"></status>
</kw>
<msg timestamp="20210611 14:29:02.444" level="INFO">${result} = True</msg>
<status status="PASS" starttime="20210611 14:29:01.202" endtime="20210611 14:29:02.444"></status>
</kw>
<kw name="Run Keyword If" library="BuiltIn">
<doc>Runs the given keyword with the given arguments, if ``condition`` is true.</doc>
<arguments>
<arg>${result}==${true}</arg>
<arg>Set Variable</arg>
<arg>${true}</arg>
<arg>ELSE</arg>
<arg>Set Variable</arg>
<arg>${false}</arg>
</arguments>
<assign>
<var>${bool}</var>
</assign>
<kw name="Set Variable" library="BuiltIn">
<doc>Returns the given values which can then be assigned to a variables.</doc>
<arguments>
<arg>${true}</arg>
</arguments>
<status status="PASS" starttime="20210611 14:29:02.445" endtime="20210611 14:29:02.445"></status>
</kw>
<msg timestamp="20210611 14:29:02.445" level="INFO">${bool} = True</msg>
<status status="PASS" starttime="20210611 14:29:02.444" endtime="20210611 14:29:02.445"></status>
</kw>
<msg timestamp="20210611 14:29:02.445" level="INFO">${result1} = True</msg>
<status status="PASS" starttime="20210611 14:29:01.200" endtime="20210611 14:29:02.445"></status>
</kw>
<kw name="Check product exist on cart" library="shopping_cart_page">
<arguments>
<arg>${product_name2}</arg>
</arguments>
<assign>
<var>${result2}</var>
</assign>
<kw name="Format String" library="String">
<doc>Formats a ``template`` using the given ``positional`` and ``named`` arguments.</doc>
<arguments>
<arg>${dictShoppingCartPage.product_name}</arg>
<arg>prd_name=${product_name}</arg>
</arguments>
<assign>
<var>${name_locator}</var>
</assign>
<msg timestamp="20210611 14:29:02.446" level="INFO">${name_locator} = css=[class='CartItems__CartItemsContainer-jDoZuM gtvBSj'] [data-product-name = 'TV THE SERIF UHD QLED (43", 4K, Smart) QA43LS01TAKXXT'] [class='MultipleLineClamp__ProductCutoffDot-jCGKBO fMOIos']</msg>
<status status="PASS" starttime="20210611 14:29:02.446" endtime="20210611 14:29:02.446"></status>
</kw>
<kw name="Format String" library="String">
<doc>Formats a ``template`` using the given ``positional`` and ``named`` arguments.</doc>
<arguments>
<arg>${dictShoppingCartPage.product_quantity}</arg>
<arg>prd_name=${product_name}</arg>
</arguments>
<assign>
<var>${quantity_locator}</var>
</assign>
<msg timestamp="20210611 14:29:02.447" level="INFO">${quantity_locator} = css=[class='CartItems__CartItemsContainer-jDoZuM gtvBSj'] [data-product-name = 'TV THE SERIF UHD QLED (43", 4K, Smart) QA43LS01TAKXXT'] [class='Form__FormInput-vd2hnz-0 fQuEjW']</msg>
<status status="PASS" starttime="20210611 14:29:02.446" endtime="20210611 14:29:02.447"></status>
</kw>
<kw name="Get text and search value" library="common_keywords">
<arguments>
<arg>${name_locator}</arg>
<arg>${product_name}</arg>
</arguments>
<assign>
<var>${result}</var>
</assign>
<kw name="Get Text Element" library="common_keywords">
<arguments>
<arg>${locator}</arg>
</arguments>
<assign>
<var>${text}</var>
</assign>
<kw name="Wait Until Element Is Visible" library="SeleniumLibrary">
<doc>Waits until the element ``locator`` is visible.</doc>
<arguments>
<arg>${locator}</arg>
<arg>timeout=${timeout}</arg>
</arguments>
<status status="PASS" starttime="20210611 14:29:02.448" endtime="20210611 14:29:05.655"></status>
</kw>
<kw name="Get Text" library="SeleniumLibrary">
<doc>Returns the text value of the element identified by ``locator``.</doc>
<arguments>
<arg>${locator}</arg>
</arguments>
<assign>
<var>${text}</var>
</assign>
<msg timestamp="20210611 14:29:05.873" level="INFO">${text} = SAMSUNGTV THE SERIF UHD QLED (43", 4K, Smart) QA43LS01TAKXXT</msg>
<status status="PASS" starttime="20210611 14:29:05.656" endtime="20210611 14:29:05.874"></status>
</kw>
<kw name="Return From Keyword" library="BuiltIn">
<doc>Returns from the enclosing user keyword.</doc>
<arguments>
<arg>${text}</arg>
</arguments>
<msg timestamp="20210611 14:29:05.874" level="INFO">Returning from the enclosing user keyword.</msg>
<status status="PASS" starttime="20210611 14:29:05.874" endtime="20210611 14:29:05.874"></status>
</kw>
<msg timestamp="20210611 14:29:05.874" level="INFO">${text} = SAMSUNGTV THE SERIF UHD QLED (43", 4K, Smart) QA43LS01TAKXXT</msg>
<status status="PASS" starttime="20210611 14:29:02.448" endtime="20210611 14:29:05.874"></status>
</kw>
<kw name="Run Keyword And Return Status" library="BuiltIn">
<doc>Runs the given keyword with given arguments and returns the status as a Boolean value.</doc>
<arguments>
<arg>BuiltIn.Should Contain</arg>
<arg>${text}</arg>
<arg>${text_value}</arg>
</arguments>
<assign>
<var>${status}</var>
</assign>
<kw name="Should Contain" library="BuiltIn">
<doc>Fails if ``container`` does not contain ``item`` one or more times.</doc>
<arguments>
<arg>${text}</arg>
<arg>${text_value}</arg>
</arguments>
<status status="PASS" starttime="20210611 14:29:05.875" endtime="20210611 14:29:05.875"></status>
</kw>
<msg timestamp="20210611 14:29:05.875" level="INFO">${status} = True</msg>
<status status="PASS" starttime="20210611 14:29:05.874" endtime="20210611 14:29:05.875"></status>
</kw>
<kw name="Return From Keyword" library="BuiltIn">
<doc>Returns from the enclosing user keyword.</doc>
<arguments>
<arg>${status}</arg>
</arguments>
<msg timestamp="20210611 14:29:05.875" level="INFO">Returning from the enclosing user keyword.</msg>
<status status="PASS" starttime="20210611 14:29:05.875" endtime="20210611 14:29:05.875"></status>
</kw>
<msg timestamp="20210611 14:29:05.876" level="INFO">${result} = True</msg>
<status status="PASS" starttime="20210611 14:29:02.447" endtime="20210611 14:29:05.876"></status>
</kw>
<kw name="Run Keyword If" library="BuiltIn">
<doc>Runs the given keyword with the given arguments, if ``condition`` is true.</doc>
<arguments>
<arg>${result}==${true}</arg>
<arg>Set Variable</arg>
<arg>${true}</arg>
<arg>ELSE</arg>
<arg>Set Variable</arg>
<arg>${false}</arg>
</arguments>
<assign>
<var>${bool}</var>
</assign>
<kw name="Set Variable" library="BuiltIn">
<doc>Returns the given values which can then be assigned to a variables.</doc>
<arguments>
<arg>${true}</arg>
</arguments>
<status status="PASS" starttime="20210611 14:29:05.876" endtime="20210611 14:29:05.876"></status>
</kw>
<msg timestamp="20210611 14:29:05.876" level="INFO">${bool} = True</msg>
<status status="PASS" starttime="20210611 14:29:05.876" endtime="20210611 14:29:05.876"></status>
</kw>
<msg timestamp="20210611 14:29:05.877" level="INFO">${result2} = True</msg>
<status status="PASS" starttime="20210611 14:29:02.445" endtime="20210611 14:29:05.877"></status>
</kw>
<kw name="Get total result" library="common_keywords">
<arguments>
<arg>${result1}</arg>
<arg>${result2}</arg>
</arguments>
<kw name="Run Keyword If" library="BuiltIn">
<doc>Runs the given keyword with the given arguments, if ``condition`` is true.</doc>
<arguments>
<arg>${rs1}==${true} and ${rs2}==${true}</arg>
<arg>BuiltIn.Log</arg>
<arg>Pass. Test case finish with no issue.</arg>
<arg>ELSE</arg>
<arg>BuiltIn.Fail</arg>
<arg>Fail. Some product not available on shopping cart!</arg>
</arguments>
<kw name="Log" library="BuiltIn">
<doc>Logs the given message with the given level.</doc>
<arguments>
<arg>Pass. Test case finish with no issue.</arg>
</arguments>
<msg timestamp="20210611 14:29:05.878" level="INFO">Pass. Test case finish with no issue.</msg>
<status status="PASS" starttime="20210611 14:29:05.878" endtime="20210611 14:29:05.878"></status>
</kw>
<status status="PASS" starttime="20210611 14:29:05.877" endtime="20210611 14:29:05.878"></status>
</kw>
<status status="PASS" starttime="20210611 14:29:05.877" endtime="20210611 14:29:05.878"></status>
</kw>
<tags>
<tag>search TV</tag>
<tag>web</tag>
</tags>
<status status="PASS" starttime="20210611 14:28:05.491" endtime="20210611 14:29:05.878" critical="yes"></status>
</test>
<status status="PASS" starttime="20210611 14:28:05.239" endtime="20210611 14:29:05.879"></status>
</suite>
<status status="PASS" starttime="20210611 14:28:05.225" endtime="20210611 14:29:05.880"></status>
</suite>
<statistics>
<total>
<stat pass="1" fail="0">Critical Tests</stat>
<stat pass="1" fail="0">All Tests</stat>
</total>
<tag>
<stat pass="1" fail="0">search TV</stat>
<stat pass="1" fail="0">web</stat>
</tag>
<suite>
<stat pass="1" fail="0" id="s1" name="Testcases">Testcases</stat>
<stat pass="1" fail="0" id="s1-s1" name="Search And Add Product">Testcases.Search And Add Product</stat>
</suite>
</statistics>
<errors>
</errors>
</robot>
